<?xml version="1.0" encoding="UTF-8" standalone="no"?><testsuite errors="17" failures="0" hostname="pepino" name="sodmt.adhoc.eol.tlimits" tests="17" time="0.824000"><properties>
[...]
</properties><testcase classname="sodmt.adhoc.eol.tlimits.eunit" name="withInteger[1]" time="0.0230000"><error message="The following error occurred while executing this line:&#10;/home/antonio/Documents/sodmt/workspace-metamodels/es.uca.modeling.eol.tests/eunit.xml:17: Internal error: java.lang.IllegalArgumentException: Could not locate a metamodel with the URI 'www.uca.es/modeling/serviceProcess'. Please ensure that this metamodel has been registered with Epsilon.&#10;&#9;at org.eclipse.epsilon.emc.emf.EmfModel.determinePackagesFrom[EmfModel.java:266]&#10;&#9;at org.eclipse.epsilon.emc.emf.EmfModel.loadModelFromUri[EmfModel.java:214]&#10;&#9;at org.eclipse.epsilon.emc.emf.EmfModel.loadModel[EmfModel.java:161]&#10;&#9;at org.eclipse.epsilon.eol.models.CachedModel.load[CachedModel.java:147]&#10;&#9;at org.eclipse.epsilon.emc.emf.EmfModel.load[EmfModel.java:127]&#10;&#9;at org.eclipse.epsilon.workflow.tasks.emf.LoadEmfModel.executeImpl[LoadEmfModel.java:67]&#10;&#9;at org.eclipse.epsilon.workflow.tasks.EpsilonTask.execute[EpsilonTask.java:40]&#10;&#9;at org.apache.tools.ant.UnknownElement.execute[UnknownElement.java:291]&#10;&#9;at sun.reflect.NativeMethodAccessorImpl.invoke0[Native Method]&#10;&#9;at sun.reflect.NativeMethodAccessorImpl.invoke[NativeMethodAccessorImpl.java:57]&#10;&#9;at sun.reflect.DelegatingMethodAccessorImpl.invoke[DelegatingMethodAccessorImpl.java:43]&#10;&#9;at java.lang.reflect.Method.invoke[Method.java:616]&#10;&#9;at org.apache.tools.ant.dispatch.DispatchUtils.execute[DispatchUtils.java:106]&#10;&#9;at org.apache.tools.ant.Task.perform[Task.java:348]&#10;&#9;at org.apache.tools.ant.taskdefs.Sequential.execute[Sequential.java:68]&#10;&#9;at org.apache.tools.ant.UnknownElement.execute[UnknownElement.java:291]&#10;&#9;at sun.reflect.NativeMethodAccessorImpl.invoke0[Native Method]&#10;&#9;at sun.reflect.NativeMethodAccessorImpl.invoke[NativeMethodAccessorImpl.java:57]&#10;&#9;at sun.reflect.DelegatingMethodAccessorImpl.invoke[DelegatingMethodAccessorImpl.java:43]&#10;&#9;at java.lang.reflect.Method.invoke[Method.java:616]&#10;&#9;at org.apache.tools.ant.dispatch.DispatchUtils.execute[DispatchUtils.java:106]&#10;&#9;at org.apache.tools.ant.Task.perform[Task.java:348]&#10;&#9;at org.apache.tools.ant.taskdefs.MacroInstance.execute[MacroInstance.java:398]&#10;&#9;at org.apache.tools.ant.UnknownElement.execute[UnknownElement.java:291]&#10;&#9;at sun.reflect.NativeMethodAccessorImpl.invoke0[Native Method]&#10;&#9;at sun.reflect.NativeMethodAccessorImpl.invoke[NativeMethodAccessorImpl.java:57]&#10;&#9;at sun.reflect.DelegatingMethodAccessorImpl.invoke[DelegatingMethodAccessorImpl.java:43]&#10;&#9;at java.lang.reflect.Method.invoke[Method.java:616]&#10;&#9;at org.apache.tools.ant.dispatch.DispatchUtils.execute[DispatchUtils.java:106]&#10;&#9;at org.apache.tools.ant.Task.perform[Task.java:348]&#10;&#9;at org.eclipse.epsilon.workflow.tasks.EUnitTask$TaskCollection.run[EUnitTask.java:69]&#10;&#9;at org.eclipse.epsilon.workflow.tasks.EUnitTask.beforeCase[EUnitTask.java:218]&#10;&#9;at org.eclipse.epsilon.eunit.EUnitModule.fireBeforeCase[EUnitModule.java:507]&#10;&#9;at org.eclipse.epsilon.eunit.EUnitModule.runSuiteInternal[EUnitModule.java:318]&#10;&#9;at org.eclipse.epsilon.eunit.EUnitModule.runSuite[EUnitModule.java:164]&#10;&#9;at org.eclipse.epsilon.eunit.EUnitModule.runInnerTestCase[EUnitModule.java:361]&#10;&#9;at org.eclipse.epsilon.eunit.EUnitModule.runSuiteInternal[EUnitModule.java:339]&#10;&#9;at org.eclipse.epsilon.eunit.EUnitModule.runSuite[EUnitModule.java:164]&#10;&#9;at org.eclipse.epsilon.eunit.EUnitModule.runInnerTestCase[EUnitModule.java:361]&#10;&#9;at org.eclipse.epsilon.eunit.EUnitModule.runSuiteInternal[EUnitModule.java:339]&#10;&#9;at org.eclipse.epsilon.eunit.EUnitModule.runSuite[EUnitModule.java:164]&#10;&#9;at org.eclipse.epsilon.eunit.EUnitModule.execute[EUnitModule.java:136]&#10;&#9;at org.eclipse.epsilon.workflow.tasks.ExecutableModuleTask.executeImpl[ExecutableModuleTask.java:193]&#10;&#9;at org.eclipse.epsilon.workflow.tasks.EpsilonTask.execute[EpsilonTask.java:40]&#10;&#9;at org.apache.tools.ant.UnknownElement.execute[UnknownElement.java:291]&#10;&#9;at sun.reflect.NativeMethodAccessorImpl.invoke0[Native Method]&#10;&#9;at sun.reflect.NativeMethodAccessorImpl.invoke[NativeMethodAccessorImpl.java:57]&#10;&#9;at sun.reflect.DelegatingMethodAccessorImpl.invoke[DelegatingMethodAccessorImpl.java:43]&#10;&#9;at java.lang.reflect.Method.invoke[Method.java:616]&#10;&#9;at org.apache.tools.ant.dispatch.DispatchUtils.execute[DispatchUtils.java:106]&#10;&#9;at org.apache.tools.ant.Task.perform[Task.java:348]&#10;&#9;at org.apache.tools.ant.Target.execute[Target.java:392]&#10;&#9;at org.apache.tools.ant.Target.performTasks[Target.java:413]&#10;&#9;at org.apache.tools.ant.Project.executeSortedTargets[Project.java:1399]&#10;&#9;at org.apache.tools.ant.Project.executeTarget[Project.java:1368]&#10;&#9;at org.apache.tools.ant.helper.DefaultExecutor.executeTargets[DefaultExecutor.java:41]&#10;&#9;at org.eclipse.ant.internal.core.ant.EclipseDefaultExecutor.executeTargets[EclipseDefaultExecutor.java:32]&#10;&#9;at org.apache.tools.ant.Project.executeTargets[Project.java:1251]&#10;&#9;at org.eclipse.ant.internal.core.ant.InternalAntRunner.run[InternalAntRunner.java:672]&#10;&#9;at org.eclipse.ant.internal.core.ant.InternalAntRunner.run[InternalAntRunner.java:498]&#10;&#9;at sun.reflect.NativeMethodAccessorImpl.invoke0[Native Method]&#10;&#9;at sun.reflect.NativeMethodAccessorImpl.invoke[NativeMethodAccessorImpl.java:57]&#10;&#9;at sun.reflect.DelegatingMethodAccessorImpl.invoke[DelegatingMethodAccessorImpl.java:43]&#10;&#9;at java.lang.reflect.Method.invoke[Method.java:616]&#10;&#9;at org.eclipse.ant.core.AntRunner.run[AntRunner.java:378]&#10;&#9;at org.eclipse.ant.internal.launching.launchConfigurations.AntLaunchDelegate$1.run[AntLaunchDelegate.java:298]&#10;&#9;at java.lang.Thread.run[Thread.java:679]&#10;" type="org.apache.tools.ant.BuildException">/home/antonio/Documents/sodmt/workspace-metamodels/es.uca.modeling.eol.tests/eunit.xml:34: The following error occurred while executing this line:
/home/antonio/Documents/sodmt/workspace-metamodels/es.uca.modeling.eol.tests/eunit.xml:17: Internal error: java.lang.IllegalArgumentException: Could not locate a metamodel with the URI 'www.uca.es/modeling/serviceProcess'. Please ensure that this metamodel has been registered with Epsilon.
	at org.eclipse.epsilon.emc.emf.EmfModel.determinePackagesFrom[EmfModel.java:266]
	at org.eclipse.epsilon.emc.emf.EmfModel.loadModelFromUri[EmfModel.java:214]
	at org.eclipse.epsilon.emc.emf.EmfModel.loadModel[EmfModel.java:161]
	at org.eclipse.epsilon.eol.models.CachedModel.load[CachedModel.java:147]
	at org.eclipse.epsilon.emc.emf.EmfModel.load[EmfModel.java:127]
	at org.eclipse.epsilon.workflow.tasks.emf.LoadEmfModel.executeImpl[LoadEmfModel.java:67]
	at org.eclipse.epsilon.workflow.tasks.EpsilonTask.execute[EpsilonTask.java:40]
	at org.apache.tools.ant.UnknownElement.execute[UnknownElement.java:291]
	at sun.reflect.NativeMethodAccessorImpl.invoke0[Native Method]
	at sun.reflect.NativeMethodAccessorImpl.invoke[NativeMethodAccessorImpl.java:57]
	at sun.reflect.DelegatingMethodAccessorImpl.invoke[DelegatingMethodAccessorImpl.java:43]
	at java.lang.reflect.Method.invoke[Method.java:616]
	at org.apache.tools.ant.dispatch.DispatchUtils.execute[DispatchUtils.java:106]
	at org.apache.tools.ant.Task.perform[Task.java:348]
	at org.apache.tools.ant.taskdefs.Sequential.execute[Sequential.java:68]
	at org.apache.tools.ant.UnknownElement.execute[UnknownElement.java:291]
	at sun.reflect.NativeMethodAccessorImpl.invoke0[Native Method]
	at sun.reflect.NativeMethodAccessorImpl.invoke[NativeMethodAccessorImpl.java:57]
	at sun.reflect.DelegatingMethodAccessorImpl.invoke[DelegatingMethodAccessorImpl.java:43]
	at java.lang.reflect.Method.invoke[Method.java:616]
	at org.apache.tools.ant.dispatch.DispatchUtils.execute[DispatchUtils.java:106]
	at org.apache.tools.ant.Task.perform[Task.java:348]
	at org.apache.tools.ant.taskdefs.MacroInstance.execute[MacroInstance.java:398]
	at org.apache.tools.ant.UnknownElement.execute[UnknownElement.java:291]
	at sun.reflect.NativeMethodAccessorImpl.invoke0[Native Method]
	at sun.reflect.NativeMethodAccessorImpl.invoke[NativeMethodAccessorImpl.java:57]
	at sun.reflect.DelegatingMethodAccessorImpl.invoke[DelegatingMethodAccessorImpl.java:43]
	at java.lang.reflect.Method.invoke[Method.java:616]
	at org.apache.tools.ant.dispatch.DispatchUtils.execute[DispatchUtils.java:106]
	at org.apache.tools.ant.Task.perform[Task.java:348]
	at org.eclipse.epsilon.workflow.tasks.EUnitTask$TaskCollection.run[EUnitTask.java:69]
	at org.eclipse.epsilon.workflow.tasks.EUnitTask.beforeCase[EUnitTask.java:218]
	at org.eclipse.epsilon.eunit.EUnitModule.fireBeforeCase[EUnitModule.java:507]
	at org.eclipse.epsilon.eunit.EUnitModule.runSuiteInternal[EUnitModule.java:318]
	at org.eclipse.epsilon.eunit.EUnitModule.runSuite[EUnitModule.java:164]
	at org.eclipse.epsilon.eunit.EUnitModule.runInnerTestCase[EUnitModule.java:361]
	at org.eclipse.epsilon.eunit.EUnitModule.runSuiteInternal[EUnitModule.java:339]
	at org.eclipse.epsilon.eunit.EUnitModule.runSuite[EUnitModule.java:164]
	at org.eclipse.epsilon.eunit.EUnitModule.runInnerTestCase[EUnitModule.java:361]
	at org.eclipse.epsilon.eunit.EUnitModule.runSuiteInternal[EUnitModule.java:339]
	at org.eclipse.epsilon.eunit.EUnitModule.runSuite[EUnitModule.java:164]
	at org.eclipse.epsilon.eunit.EUnitModule.execute[EUnitModule.java:136]
	at org.eclipse.epsilon.workflow.tasks.ExecutableModuleTask.executeImpl[ExecutableModuleTask.java:193]
	at org.eclipse.epsilon.workflow.tasks.EpsilonTask.execute[EpsilonTask.java:40]
	at org.apache.tools.ant.UnknownElement.execute[UnknownElement.java:291]
	at sun.reflect.NativeMethodAccessorImpl.invoke0[Native Method]
	at sun.reflect.NativeMethodAccessorImpl.invoke[NativeMethodAccessorImpl.java:57]
	at sun.reflect.DelegatingMethodAccessorImpl.invoke[DelegatingMethodAccessorImpl.java:43]
	at java.lang.reflect.Method.invoke[Method.java:616]
	at org.apache.tools.ant.dispatch.DispatchUtils.execute[DispatchUtils.java:106]
	at org.apache.tools.ant.Task.perform[Task.java:348]
	at org.apache.tools.ant.Target.execute[Target.java:392]
	at org.apache.tools.ant.Target.performTasks[Target.java:413]
	at org.apache.tools.ant.Project.executeSortedTargets[Project.java:1399]
	at org.apache.tools.ant.Project.executeTarget[Project.java:1368]
	at org.apache.tools.ant.helper.DefaultExecutor.executeTargets[DefaultExecutor.java:41]
	at org.eclipse.ant.internal.core.ant.EclipseDefaultExecutor.executeTargets[EclipseDefaultExecutor.java:32]
	at org.apache.tools.ant.Project.executeTargets[Project.java:1251]
	at org.eclipse.ant.internal.core.ant.InternalAntRunner.run[InternalAntRunner.java:672]
	at org.eclipse.ant.internal.core.ant.InternalAntRunner.run[InternalAntRunner.java:498]
	at sun.reflect.NativeMethodAccessorImpl.invoke0[Native Method]
	at sun.reflect.NativeMethodAccessorImpl.invoke[NativeMethodAccessorImpl.java:57]
	at sun.reflect.DelegatingMethodAccessorImpl.invoke[DelegatingMethodAccessorImpl.java:43]
	at java.lang.reflect.Method.invoke[Method.java:616]
	at org.eclipse.ant.core.AntRunner.run[AntRunner.java:378]
	at org.eclipse.ant.internal.launching.launchConfigurations.AntLaunchDelegate$1.run[AntLaunchDelegate.java:298]
	at java.lang.Thread.run[Thread.java:679]

	at org.apache.tools.ant.ProjectHelper.addLocationToBuildException(ProjectHelper.java:551)
	at org.apache.tools.ant.taskdefs.MacroInstance.execute(MacroInstance.java:401)
	at org.apache.tools.ant.UnknownElement.execute(UnknownElement.java:291)
	at sun.reflect.NativeMethodAccessorImpl.invoke0(Native Method)
	at sun.reflect.NativeMethodAccessorImpl.invoke(NativeMethodAccessorImpl.java:57)
	at sun.reflect.DelegatingMethodAccessorImpl.invoke(DelegatingMethodAccessorImpl.java:43)
	at java.lang.reflect.Method.invoke(Method.java:616)
	at org.apache.tools.ant.dispatch.DispatchUtils.execute(DispatchUtils.java:106)
	at org.apache.tools.ant.Task.perform(Task.java:348)
	at org.eclipse.epsilon.workflow.tasks.EUnitTask$TaskCollection.run(EUnitTask.java:69)
	at org.eclipse.epsilon.workflow.tasks.EUnitTask.beforeCase(EUnitTask.java:218)
	at org.eclipse.epsilon.eunit.EUnitModule.fireBeforeCase(EUnitModule.java:507)
	at org.eclipse.epsilon.eunit.EUnitModule.runSuiteInternal(EUnitModule.java:318)
	at org.eclipse.epsilon.eunit.EUnitModule.runSuite(EUnitModule.java:164)
	at org.eclipse.epsilon.eunit.EUnitModule.runInnerTestCase(EUnitModule.java:361)
	at org.eclipse.epsilon.eunit.EUnitModule.runSuiteInternal(EUnitModule.java:339)
	at org.eclipse.epsilon.eunit.EUnitModule.runSuite(EUnitModule.java:164)
	at org.eclipse.epsilon.eunit.EUnitModule.runInnerTestCase(EUnitModule.java:361)
	at org.eclipse.epsilon.eunit.EUnitModule.runSuiteInternal(EUnitModule.java:339)
	at org.eclipse.epsilon.eunit.EUnitModule.runSuite(EUnitModule.java:164)
	at org.eclipse.epsilon.eunit.EUnitModule.execute(EUnitModule.java:136)
	at org.eclipse.epsilon.workflow.tasks.ExecutableModuleTask.executeImpl(ExecutableModuleTask.java:193)
	at org.eclipse.epsilon.workflow.tasks.EpsilonTask.execute(EpsilonTask.java:40)
	at org.apache.tools.ant.UnknownElement.execute(UnknownElement.java:291)
	at sun.reflect.NativeMethodAccessorImpl.invoke0(Native Method)
	at sun.reflect.NativeMethodAccessorImpl.invoke(NativeMethodAccessorImpl.java:57)
	at sun.reflect.DelegatingMethodAccessorImpl.invoke(DelegatingMethodAccessorImpl.java:43)
	at java.lang.reflect.Method.invoke(Method.java:616)
	at org.apache.tools.ant.dispatch.DispatchUtils.execute(DispatchUtils.java:106)
	at org.apache.tools.ant.Task.perform(Task.java:348)
	at org.apache.tools.ant.Target.execute(Target.java:392)
	at org.apache.tools.ant.Target.performTasks(Target.java:413)
	at org.apache.tools.ant.Project.executeSortedTargets(Project.java:1399)
	at org.apache.tools.ant.Project.executeTarget(Project.java:1368)
	at org.apache.tools.ant.helper.DefaultExecutor.executeTargets(DefaultExecutor.java:41)
	at org.eclipse.ant.internal.core.ant.EclipseDefaultExecutor.executeTargets(EclipseDefaultExecutor.java:32)
	at org.apache.tools.ant.Project.executeTargets(Project.java:1251)
	at org.eclipse.ant.internal.core.ant.InternalAntRunner.run(InternalAntRunner.java:672)
	at org.eclipse.ant.internal.core.ant.InternalAntRunner.run(InternalAntRunner.java:498)
	at sun.reflect.NativeMethodAccessorImpl.invoke0(Native Method)
	at sun.reflect.NativeMethodAccessorImpl.invoke(NativeMethodAccessorImpl.java:57)
	at sun.reflect.DelegatingMethodAccessorImpl.invoke(DelegatingMethodAccessorImpl.java:43)
	at java.lang.reflect.Method.invoke(Method.java:616)
	at org.eclipse.ant.core.AntRunner.run(AntRunner.java:378)
	at org.eclipse.ant.internal.launching.launchConfigurations.AntLaunchDelegate$1.run(AntLaunchDelegate.java:298)
	at java.lang.Thread.run(Thread.java:679)
Caused by: /home/antonio/Documents/sodmt/workspace-metamodels/es.uca.modeling.eol.tests/eunit.xml:17: Internal error: java.lang.IllegalArgumentException: Could not locate a metamodel with the URI 'www.uca.es/modeling/serviceProcess'. Please ensure that this metamodel has been registered with Epsilon.
	at org.eclipse.epsilon.emc.emf.EmfModel.determinePackagesFrom[EmfModel.java:266]
	at org.eclipse.epsilon.emc.emf.EmfModel.loadModelFromUri[EmfModel.java:214]
	at org.eclipse.epsilon.emc.emf.EmfModel.loadModel[EmfModel.java:161]
	at org.eclipse.epsilon.eol.models.CachedModel.load[CachedModel.java:147]
	at org.eclipse.epsilon.emc.emf.EmfModel.load[EmfModel.java:127]
	at org.eclipse.epsilon.workflow.tasks.emf.LoadEmfModel.executeImpl[LoadEmfModel.java:67]
	at org.eclipse.epsilon.workflow.tasks.EpsilonTask.execute[EpsilonTask.java:40]
	at org.apache.tools.ant.UnknownElement.execute[UnknownElement.java:291]
	at sun.reflect.NativeMethodAccessorImpl.invoke0[Native Method]
	at sun.reflect.NativeMethodAccessorImpl.invoke[NativeMethodAccessorImpl.java:57]
	at sun.reflect.DelegatingMethodAccessorImpl.invoke[DelegatingMethodAccessorImpl.java:43]
	at java.lang.reflect.Method.invoke[Method.java:616]
	at org.apache.tools.ant.dispatch.DispatchUtils.execute[DispatchUtils.java:106]
	at org.apache.tools.ant.Task.perform[Task.java:348]
	at org.apache.tools.ant.taskdefs.Sequential.execute[Sequential.java:68]
	at org.apache.tools.ant.UnknownElement.execute[UnknownElement.java:291]
	at sun.reflect.NativeMethodAccessorImpl.invoke0[Native Method]
	at sun.reflect.NativeMethodAccessorImpl.invoke[NativeMethodAccessorImpl.java:57]
	at sun.reflect.DelegatingMethodAccessorImpl.invoke[DelegatingMethodAccessorImpl.java:43]
	at java.lang.reflect.Method.invoke[Method.java:616]
	at org.apache.tools.ant.dispatch.DispatchUtils.execute[DispatchUtils.java:106]
	at org.apache.tools.ant.Task.perform[Task.java:348]
	at org.apache.tools.ant.taskdefs.MacroInstance.execute[MacroInstance.java:398]
	at org.apache.tools.ant.UnknownElement.execute[UnknownElement.java:291]
	at sun.reflect.NativeMethodAccessorImpl.invoke0[Native Method]
	at sun.reflect.NativeMethodAccessorImpl.invoke[NativeMethodAccessorImpl.java:57]
	at sun.reflect.DelegatingMethodAccessorImpl.invoke[DelegatingMethodAccessorImpl.java:43]
	at java.lang.reflect.Method.invoke[Method.java:616]
	at org.apache.tools.ant.dispatch.DispatchUtils.execute[DispatchUtils.java:106]
	at org.apache.tools.ant.Task.perform[Task.java:348]
	at org.eclipse.epsilon.workflow.tasks.EUnitTask$TaskCollection.run[EUnitTask.java:69]
	at org.eclipse.epsilon.workflow.tasks.EUnitTask.beforeCase[EUnitTask.java:218]
	at org.eclipse.epsilon.eunit.EUnitModule.fireBeforeCase[EUnitModule.java:507]
	at org.eclipse.epsilon.eunit.EUnitModule.runSuiteInternal[EUnitModule.java:318]
	at org.eclipse.epsilon.eunit.EUnitModule.runSuite[EUnitModule.java:164]
	at org.eclipse.epsilon.eunit.EUnitModule.runInnerTestCase[EUnitModule.java:361]
	at org.eclipse.epsilon.eunit.EUnitModule.runSuiteInternal[EUnitModule.java:339]
	at org.eclipse.epsilon.eunit.EUnitModule.runSuite[EUnitModule.java:164]
	at org.eclipse.epsilon.eunit.EUnitModule.runInnerTestCase[EUnitModule.java:361]
	at org.eclipse.epsilon.eunit.EUnitModule.runSuiteInternal[EUnitModule.java:339]
	at org.eclipse.epsilon.eunit.EUnitModule.runSuite[EUnitModule.java:164]
	at org.eclipse.epsilon.eunit.EUnitModule.execute[EUnitModule.java:136]
	at org.eclipse.epsilon.workflow.tasks.ExecutableModuleTask.executeImpl[ExecutableModuleTask.java:193]
	at org.eclipse.epsilon.workflow.tasks.EpsilonTask.execute[EpsilonTask.java:40]
	at org.apache.tools.ant.UnknownElement.execute[UnknownElement.java:291]
	at sun.reflect.NativeMethodAccessorImpl.invoke0[Native Method]
	at sun.reflect.NativeMethodAccessorImpl.invoke[NativeMethodAccessorImpl.java:57]
	at sun.reflect.DelegatingMethodAccessorImpl.invoke[DelegatingMethodAccessorImpl.java:43]
	at java.lang.reflect.Method.invoke[Method.java:616]
	at org.apache.tools.ant.dispatch.DispatchUtils.execute[DispatchUtils.java:106]
	at org.apache.tools.ant.Task.perform[Task.java:348]
	at org.apache.tools.ant.Target.execute[Target.java:392]
	at org.apache.tools.ant.Target.performTasks[Target.java:413]
	at org.apache.tools.ant.Project.executeSortedTargets[Project.java:1399]
	at org.apache.tools.ant.Project.executeTarget[Project.java:1368]
	at org.apache.tools.ant.helper.DefaultExecutor.executeTargets[DefaultExecutor.java:41]
	at org.eclipse.ant.internal.core.ant.EclipseDefaultExecutor.executeTargets[EclipseDefaultExecutor.java:32]
	at org.apache.tools.ant.Project.executeTargets[Project.java:1251]
	at org.eclipse.ant.internal.core.ant.InternalAntRunner.run[InternalAntRunner.java:672]
	at org.eclipse.ant.internal.core.ant.InternalAntRunner.run[InternalAntRunner.java:498]
	at sun.reflect.NativeMethodAccessorImpl.invoke0[Native Method]
	at sun.reflect.NativeMethodAccessorImpl.invoke[NativeMethodAccessorImpl.java:57]
	at sun.reflect.DelegatingMethodAccessorImpl.invoke[DelegatingMethodAccessorImpl.java:43]
	at java.lang.reflect.Method.invoke[Method.java:616]
	at org.eclipse.ant.core.AntRunner.run[AntRunner.java:378]
	at org.eclipse.ant.internal.launching.launchConfigurations.AntLaunchDelegate$1.run[AntLaunchDelegate.java:298]
	at java.lang.Thread.run[Thread.java:679]

	at org.eclipse.epsilon.workflow.tasks.emf.LoadEmfModel.executeImpl(LoadEmfModel.java:71)
	at org.eclipse.epsilon.workflow.tasks.EpsilonTask.execute(EpsilonTask.java:40)
	at org.apache.tools.ant.UnknownElement.execute(UnknownElement.java:291)
	at sun.reflect.NativeMethodAccessorImpl.invoke0(Native Method)
	at sun.reflect.NativeMethodAccessorImpl.invoke(NativeMethodAccessorImpl.java:57)
	at sun.reflect.DelegatingMethodAccessorImpl.invoke(DelegatingMethodAccessorImpl.java:43)
	at java.lang.reflect.Method.invoke(Method.java:616)
	at org.apache.tools.ant.dispatch.DispatchUtils.execute(DispatchUtils.java:106)
	at org.apache.tools.ant.Task.perform(Task.java:348)
	at org.apache.tools.ant.taskdefs.Sequential.execute(Sequential.java:68)
	at org.apache.tools.ant.UnknownElement.execute(UnknownElement.java:291)
	at sun.reflect.NativeMethodAccessorImpl.invoke0(Native Method)
	at sun.reflect.NativeMethodAccessorImpl.invoke(NativeMethodAccessorImpl.java:57)
	at sun.reflect.DelegatingMethodAccessorImpl.invoke(DelegatingMethodAccessorImpl.java:43)
	at java.lang.reflect.Method.invoke(Method.java:616)
	at org.apache.tools.ant.dispatch.DispatchUtils.execute(DispatchUtils.java:106)
	at org.apache.tools.ant.Task.perform(Task.java:348)
	at org.apache.tools.ant.taskdefs.MacroInstance.execute(MacroInstance.java:398)
	... 44 more
Caused by: Internal error: java.lang.IllegalArgumentException: Could not locate a metamodel with the URI 'www.uca.es/modeling/serviceProcess'. Please ensure that this metamodel has been registered with Epsilon.
	at org.eclipse.epsilon.emc.emf.EmfModel.determinePackagesFrom[EmfModel.java:266]
	at org.eclipse.epsilon.emc.emf.EmfModel.loadModelFromUri[EmfModel.java:214]
	at org.eclipse.epsilon.emc.emf.EmfModel.loadModel[EmfModel.java:161]
	at org.eclipse.epsilon.eol.models.CachedModel.load[CachedModel.java:147]
	at org.eclipse.epsilon.emc.emf.EmfModel.load[EmfModel.java:127]
	at org.eclipse.epsilon.workflow.tasks.emf.LoadEmfModel.executeImpl[LoadEmfModel.java:67]
	at org.eclipse.epsilon.workflow.tasks.EpsilonTask.execute[EpsilonTask.java:40]
	at org.apache.tools.ant.UnknownElement.execute[UnknownElement.java:291]
	at sun.reflect.NativeMethodAccessorImpl.invoke0[Native Method]
	at sun.reflect.NativeMethodAccessorImpl.invoke[NativeMethodAccessorImpl.java:57]
	at sun.reflect.DelegatingMethodAccessorImpl.invoke[DelegatingMethodAccessorImpl.java:43]
	at java.lang.reflect.Method.invoke[Method.java:616]
	at org.apache.tools.ant.dispatch.DispatchUtils.execute[DispatchUtils.java:106]
	at org.apache.tools.ant.Task.perform[Task.java:348]
	at org.apache.tools.ant.taskdefs.Sequential.execute[Sequential.java:68]
	at org.apache.tools.ant.UnknownElement.execute[UnknownElement.java:291]
	at sun.reflect.NativeMethodAccessorImpl.invoke0[Native Method]
	at sun.reflect.NativeMethodAccessorImpl.invoke[NativeMethodAccessorImpl.java:57]
	at sun.reflect.DelegatingMethodAccessorImpl.invoke[DelegatingMethodAccessorImpl.java:43]
	at java.lang.reflect.Method.invoke[Method.java:616]
	at org.apache.tools.ant.dispatch.DispatchUtils.execute[DispatchUtils.java:106]
	at org.apache.tools.ant.Task.perform[Task.java:348]
	at org.apache.tools.ant.taskdefs.MacroInstance.execute[MacroInstance.java:398]
	at org.apache.tools.ant.UnknownElement.execute[UnknownElement.java:291]
	at sun.reflect.NativeMethodAccessorImpl.invoke0[Native Method]
	at sun.reflect.NativeMethodAccessorImpl.invoke[NativeMethodAccessorImpl.java:57]
	at sun.reflect.DelegatingMethodAccessorImpl.invoke[DelegatingMethodAccessorImpl.java:43]
	at java.lang.reflect.Method.invoke[Method.java:616]
	at org.apache.tools.ant.dispatch.DispatchUtils.execute[DispatchUtils.java:106]
	at org.apache.tools.ant.Task.perform[Task.java:348]
	at org.eclipse.epsilon.workflow.tasks.EUnitTask$TaskCollection.run[EUnitTask.java:69]
	at org.eclipse.epsilon.workflow.tasks.EUnitTask.beforeCase[EUnitTask.java:218]
	at org.eclipse.epsilon.eunit.EUnitModule.fireBeforeCase[EUnitModule.java:507]
	at org.eclipse.epsilon.eunit.EUnitModule.runSuiteInternal[EUnitModule.java:318]
	at org.eclipse.epsilon.eunit.EUnitModule.runSuite[EUnitModule.java:164]
	at org.eclipse.epsilon.eunit.EUnitModule.runInnerTestCase[EUnitModule.java:361]
	at org.eclipse.epsilon.eunit.EUnitModule.runSuiteInternal[EUnitModule.java:339]
	at org.eclipse.epsilon.eunit.EUnitModule.runSuite[EUnitModule.java:164]
	at org.eclipse.epsilon.eunit.EUnitModule.runInnerTestCase[EUnitModule.java:361]
	at org.eclipse.epsilon.eunit.EUnitModule.runSuiteInternal[EUnitModule.java:339]
	at org.eclipse.epsilon.eunit.EUnitModule.runSuite[EUnitModule.java:164]
	at org.eclipse.epsilon.eunit.EUnitModule.execute[EUnitModule.java:136]
	at org.eclipse.epsilon.workflow.tasks.ExecutableModuleTask.executeImpl[ExecutableModuleTask.java:193]
	at org.eclipse.epsilon.workflow.tasks.EpsilonTask.execute[EpsilonTask.java:40]
	at org.apache.tools.ant.UnknownElement.execute[UnknownElement.java:291]
	at sun.reflect.NativeMethodAccessorImpl.invoke0[Native Method]
	at sun.reflect.NativeMethodAccessorImpl.invoke[NativeMethodAccessorImpl.java:57]
	at sun.reflect.DelegatingMethodAccessorImpl.invoke[DelegatingMethodAccessorImpl.java:43]
	at java.lang.reflect.Method.invoke[Method.java:616]
	at org.apache.tools.ant.dispatch.DispatchUtils.execute[DispatchUtils.java:106]
	at org.apache.tools.ant.Task.perform[Task.java:348]
	at org.apache.tools.ant.Target.execute[Target.java:392]
	at org.apache.tools.ant.Target.performTasks[Target.java:413]
	at org.apache.tools.ant.Project.executeSortedTargets[Project.java:1399]
	at org.apache.tools.ant.Project.executeTarget[Project.java:1368]
	at org.apache.tools.ant.helper.DefaultExecutor.executeTargets[DefaultExecutor.java:41]
	at org.eclipse.ant.internal.core.ant.EclipseDefaultExecutor.executeTargets[EclipseDefaultExecutor.java:32]
	at org.apache.tools.ant.Project.executeTargets[Project.java:1251]
	at org.eclipse.ant.internal.core.ant.InternalAntRunner.run[InternalAntRunner.java:672]
	at org.eclipse.ant.internal.core.ant.InternalAntRunner.run[InternalAntRunner.java:498]
	at sun.reflect.NativeMethodAccessorImpl.invoke0[Native Method]
	at sun.reflect.NativeMethodAccessorImpl.invoke[NativeMethodAccessorImpl.java:57]
	at sun.reflect.DelegatingMethodAccessorImpl.invoke[DelegatingMethodAccessorImpl.java:43]
	at java.lang.reflect.Method.invoke[Method.java:616]
	at org.eclipse.ant.core.AntRunner.run[AntRunner.java:378]
	at org.eclipse.ant.internal.launching.launchConfigurations.AntLaunchDelegate$1.run[AntLaunchDelegate.java:298]
	at java.lang.Thread.run[Thread.java:679]

	at org.eclipse.epsilon.emc.emf.EmfModel.determinePackagesFrom(EmfModel.java:266)
	at org.eclipse.epsilon.emc.emf.EmfModel.loadModelFromUri(EmfModel.java:214)
	at org.eclipse.epsilon.emc.emf.EmfModel.loadModel(EmfModel.java:161)
	at org.eclipse.epsilon.eol.models.CachedModel.load(CachedModel.java:147)
	at org.eclipse.epsilon.emc.emf.EmfModel.load(EmfModel.java:127)
	at org.eclipse.epsilon.workflow.tasks.emf.LoadEmfModel.executeImpl(LoadEmfModel.java:67)
	... 61 more
Caused by: java.lang.IllegalArgumentException: Could not locate a metamodel with the URI 'www.uca.es/modeling/serviceProcess'. Please ensure that this metamodel has been registered with Epsilon.
	... 67 more
</error></testcase><testcase classname="sodmt.adhoc.eol.tlimits.eunit" name="withInteger[2]" time="0.00700000"><error message="The following error occurred while executing this line:&#10;/home/antonio/Documents/sodmt/workspace-metamodels/es.uca.modeling.eol.tests/eunit.xml:17: Internal error: java.lang.IllegalArgumentException: Could not locate a metamodel with the URI 'www.uca.es/modeling/serviceProcess'. Please ensure that this metamodel has been registered with Epsilon.&#10;&#9;at org.eclipse.epsilon.emc.emf.EmfModel.determinePackagesFrom[EmfModel.java:266]&#10;&#9;at org.eclipse.epsilon.emc.emf.EmfModel.loadModelFromUri[EmfModel.java:214]&#10;&#9;at org.eclipse.epsilon.emc.emf.EmfModel.loadModel[EmfModel.java:161]&#10;&#9;at org.eclipse.epsilon.eol.models.CachedModel.load[CachedModel.java:147]&#10;&#9;at org.eclipse.epsilon.emc.emf.EmfModel.load[EmfModel.java:127]&#10;&#9;at org.eclipse.epsilon.workflow.tasks.emf.LoadEmfModel.executeImpl[LoadEmfModel.java:67]&#10;&#9;at org.eclipse.epsilon.workflow.tasks.EpsilonTask.execute[EpsilonTask.java:40]&#10;&#9;at org.apache.tools.ant.UnknownElement.execute[UnknownElement.java:291]&#10;&#9;at sun.reflect.NativeMethodAccessorImpl.invoke0[Native Method]&#10;&#9;at sun.reflect.NativeMethodAccessorImpl.invoke[NativeMethodAccessorImpl.java:57]&#10;&#9;at sun.reflect.DelegatingMethodAccessorImpl.invoke[DelegatingMethodAccessorImpl.java:43]&#10;&#9;at java.lang.reflect.Method.invoke[Method.java:616]&#10;&#9;at org.apache.tools.ant.dispatch.DispatchUtils.execute[DispatchUtils.java:106]&#10;&#9;at org.apache.tools.ant.Task.perform[Task.java:348]&#10;&#9;at org.apache.tools.ant.taskdefs.Sequential.execute[Sequential.java:68]&#10;&#9;at org.apache.tools.ant.UnknownElement.execute[UnknownElement.java:291]&#10;&#9;at sun.reflect.NativeMethodAccessorImpl.invoke0[Native Method]&#10;&#9;at sun.reflect.NativeMethodAccessorImpl.invoke[NativeMethodAccessorImpl.java:57]&#10;&#9;at sun.reflect.DelegatingMethodAccessorImpl.invoke[DelegatingMethodAccessorImpl.java:43]&#10;&#9;at java.lang.reflect.Method.invoke[Method.java:616]&#10;&#9;at org.apache.tools.ant.dispatch.DispatchUtils.execute[DispatchUtils.java:106]&#10;&#9;at org.apache.tools.ant.Task.perform[Task.java:348]&#10;&#9;at org.apache.tools.ant.taskdefs.MacroInstance.execute[MacroInstance.java:398]&#10;&#9;at org.apache.tools.ant.UnknownElement.execute[UnknownElement.java:291]&#10;&#9;at sun.reflect.NativeMethodAccessorImpl.invoke0[Native Method]&#10;&#9;at sun.reflect.NativeMethodAccessorImpl.invoke[NativeMethodAccessorImpl.java:57]&#10;&#9;at sun.reflect.DelegatingMethodAccessorImpl.invoke[DelegatingMethodAccessorImpl.java:43]&#10;&#9;at java.lang.reflect.Method.invoke[Method.java:616]&#10;&#9;at org.apache.tools.ant.dispatch.DispatchUtils.execute[DispatchUtils.java:106]&#10;&#9;at org.apache.tools.ant.Task.perform[Task.java:348]&#10;&#9;at org.eclipse.epsilon.workflow.tasks.EUnitTask$TaskCollection.run[EUnitTask.java:69]&#10;&#9;at org.eclipse.epsilon.workflow.tasks.EUnitTask.beforeCase[EUnitTask.java:218]&#10;&#9;at org.eclipse.epsilon.eunit.EUnitModule.fireBeforeCase[EUnitModule.java:507]&#10;&#9;at org.eclipse.epsilon.eunit.EUnitModule.runSuiteInternal[EUnitModule.java:318]&#10;&#9;at org.eclipse.epsilon.eunit.EUnitModule.runSuite[EUnitModule.java:164]&#10;&#9;at org.eclipse.epsilon.eunit.EUnitModule.runInnerTestCase[EUnitModule.java:361]&#10;&#9;at org.eclipse.epsilon.eunit.EUnitModule.runSuiteInternal[EUnitModule.java:339]&#10;&#9;at org.eclipse.epsilon.eunit.EUnitModule.runSuite[EUnitModule.java:164]&#10;&#9;at org.eclipse.epsilon.eunit.EUnitModule.runInnerTestCase[EUnitModule.java:361]&#10;&#9;at org.eclipse.epsilon.eunit.EUnitModule.runSuiteInternal[EUnitModule.java:339]&#10;&#9;at org.eclipse.epsilon.eunit.EUnitModule.runSuite[EUnitModule.java:164]&#10;&#9;at org.eclipse.epsilon.eunit.EUnitModule.execute[EUnitModule.java:136]&#10;&#9;at org.eclipse.epsilon.workflow.tasks.ExecutableModuleTask.executeImpl[ExecutableModuleTask.java:193]&#10;&#9;at org.eclipse.epsilon.workflow.tasks.EpsilonTask.execute[EpsilonTask.java:40]&#10;&#9;at org.apache.tools.ant.UnknownElement.execute[UnknownElement.java:291]&#10;&#9;at sun.reflect.NativeMethodAccessorImpl.invoke0[Native Method]&#10;&#9;at sun.reflect.NativeMethodAccessorImpl.invoke[NativeMethodAccessorImpl.java:57]&#10;&#9;at sun.reflect.DelegatingMethodAccessorImpl.invoke[DelegatingMethodAccessorImpl.java:43]&#10;&#9;at java.lang.reflect.Method.invoke[Method.java:616]&#10;&#9;at org.apache.tools.ant.dispatch.DispatchUtils.execute[DispatchUtils.java:106]&#10;&#9;at org.apache.tools.ant.Task.perform[Task.java:348]&#10;&#9;at org.apache.tools.ant.Target.execute[Target.java:392]&#10;&#9;at org.apache.tools.ant.Target.performTasks[Target.java:413]&#10;&#9;at org.apache.tools.ant.Project.executeSortedTargets[Project.java:1399]&#10;&#9;at org.apache.tools.ant.Project.executeTarget[Project.java:1368]&#10;&#9;at org.apache.tools.ant.helper.DefaultExecutor.executeTargets[DefaultExecutor.java:41]&#10;&#9;at org.eclipse.ant.internal.core.ant.EclipseDefaultExecutor.executeTargets[EclipseDefaultExecutor.java:32]&#10;&#9;at org.apache.tools.ant.Project.executeTargets[Project.java:1251]&#10;&#9;at org.eclipse.ant.internal.core.ant.InternalAntRunner.run[InternalAntRunner.java:672]&#10;&#9;at org.eclipse.ant.internal.core.ant.InternalAntRunner.run[InternalAntRunner.java:498]&#10;&#9;at sun.reflect.NativeMethodAccessorImpl.invoke0[Native Method]&#10;&#9;at sun.reflect.NativeMethodAccessorImpl.invoke[NativeMethodAccessorImpl.java:57]&#10;&#9;at sun.reflect.DelegatingMethodAccessorImpl.invoke[DelegatingMethodAccessorImpl.java:43]&#10;&#9;at java.lang.reflect.Method.invoke[Method.java:616]&#10;&#9;at org.eclipse.ant.core.AntRunner.run[AntRunner.java:378]&#10;&#9;at org.eclipse.ant.internal.launching.launchConfigurations.AntLaunchDelegate$1.run[AntLaunchDelegate.java:298]&#10;&#9;at java.lang.Thread.run[Thread.java:679]&#10;" type="org.apache.tools.ant.BuildException">/home/antonio/Documents/sodmt/workspace-metamodels/es.uca.modeling.eol.tests/eunit.xml:34: The following error occurred while executing this line:
/home/antonio/Documents/sodmt/workspace-metamodels/es.uca.modeling.eol.tests/eunit.xml:17: Internal error: java.lang.IllegalArgumentException: Could not locate a metamodel with the URI 'www.uca.es/modeling/serviceProcess'. Please ensure that this metamodel has been registered with Epsilon.
	at org.eclipse.epsilon.emc.emf.EmfModel.determinePackagesFrom[EmfModel.java:266]
	at org.eclipse.epsilon.emc.emf.EmfModel.loadModelFromUri[EmfModel.java:214]
	at org.eclipse.epsilon.emc.emf.EmfModel.loadModel[EmfModel.java:161]
	at org.eclipse.epsilon.eol.models.CachedModel.load[CachedModel.java:147]
	at org.eclipse.epsilon.emc.emf.EmfModel.load[EmfModel.java:127]
	at org.eclipse.epsilon.workflow.tasks.emf.LoadEmfModel.executeImpl[LoadEmfModel.java:67]
	at org.eclipse.epsilon.workflow.tasks.EpsilonTask.execute[EpsilonTask.java:40]
	at org.apache.tools.ant.UnknownElement.execute[UnknownElement.java:291]
	at sun.reflect.NativeMethodAccessorImpl.invoke0[Native Method]
	at sun.reflect.NativeMethodAccessorImpl.invoke[NativeMethodAccessorImpl.java:57]
	at sun.reflect.DelegatingMethodAccessorImpl.invoke[DelegatingMethodAccessorImpl.java:43]
	at java.lang.reflect.Method.invoke[Method.java:616]
	at org.apache.tools.ant.dispatch.DispatchUtils.execute[DispatchUtils.java:106]
	at org.apache.tools.ant.Task.perform[Task.java:348]
	at org.apache.tools.ant.taskdefs.Sequential.execute[Sequential.java:68]
	at org.apache.tools.ant.UnknownElement.execute[UnknownElement.java:291]
	at sun.reflect.NativeMethodAccessorImpl.invoke0[Native Method]
	at sun.reflect.NativeMethodAccessorImpl.invoke[NativeMethodAccessorImpl.java:57]
	at sun.reflect.DelegatingMethodAccessorImpl.invoke[DelegatingMethodAccessorImpl.java:43]
	at java.lang.reflect.Method.invoke[Method.java:616]
	at org.apache.tools.ant.dispatch.DispatchUtils.execute[DispatchUtils.java:106]
	at org.apache.tools.ant.Task.perform[Task.java:348]
	at org.apache.tools.ant.taskdefs.MacroInstance.execute[MacroInstance.java:398]
	at org.apache.tools.ant.UnknownElement.execute[UnknownElement.java:291]
	at sun.reflect.NativeMethodAccessorImpl.invoke0[Native Method]
	at sun.reflect.NativeMethodAccessorImpl.invoke[NativeMethodAccessorImpl.java:57]
	at sun.reflect.DelegatingMethodAccessorImpl.invoke[DelegatingMethodAccessorImpl.java:43]
	at java.lang.reflect.Method.invoke[Method.java:616]
	at org.apache.tools.ant.dispatch.DispatchUtils.execute[DispatchUtils.java:106]
	at org.apache.tools.ant.Task.perform[Task.java:348]
	at org.eclipse.epsilon.workflow.tasks.EUnitTask$TaskCollection.run[EUnitTask.java:69]
	at org.eclipse.epsilon.workflow.tasks.EUnitTask.beforeCase[EUnitTask.java:218]
	at org.eclipse.epsilon.eunit.EUnitModule.fireBeforeCase[EUnitModule.java:507]
	at org.eclipse.epsilon.eunit.EUnitModule.runSuiteInternal[EUnitModule.java:318]
	at org.eclipse.epsilon.eunit.EUnitModule.runSuite[EUnitModule.java:164]
	at org.eclipse.epsilon.eunit.EUnitModule.runInnerTestCase[EUnitModule.java:361]
	at org.eclipse.epsilon.eunit.EUnitModule.runSuiteInternal[EUnitModule.java:339]
	at org.eclipse.epsilon.eunit.EUnitModule.runSuite[EUnitModule.java:164]
	at org.eclipse.epsilon.eunit.EUnitModule.runInnerTestCase[EUnitModule.java:361]
	at org.eclipse.epsilon.eunit.EUnitModule.runSuiteInternal[EUnitModule.java:339]
	at org.eclipse.epsilon.eunit.EUnitModule.runSuite[EUnitModule.java:164]
	at org.eclipse.epsilon.eunit.EUnitModule.execute[EUnitModule.java:136]
	at org.eclipse.epsilon.workflow.tasks.ExecutableModuleTask.executeImpl[ExecutableModuleTask.java:193]
	at org.eclipse.epsilon.workflow.tasks.EpsilonTask.execute[EpsilonTask.java:40]
	at org.apache.tools.ant.UnknownElement.execute[UnknownElement.java:291]
	at sun.reflect.NativeMethodAccessorImpl.invoke0[Native Method]
	at sun.reflect.NativeMethodAccessorImpl.invoke[NativeMethodAccessorImpl.java:57]
	at sun.reflect.DelegatingMethodAccessorImpl.invoke[DelegatingMethodAccessorImpl.java:43]
	at java.lang.reflect.Method.invoke[Method.java:616]
	at org.apache.tools.ant.dispatch.DispatchUtils.execute[DispatchUtils.java:106]
	at org.apache.tools.ant.Task.perform[Task.java:348]
	at org.apache.tools.ant.Target.execute[Target.java:392]
	at org.apache.tools.ant.Target.performTasks[Target.java:413]
	at org.apache.tools.ant.Project.executeSortedTargets[Project.java:1399]
	at org.apache.tools.ant.Project.executeTarget[Project.java:1368]
	at org.apache.tools.ant.helper.DefaultExecutor.executeTargets[DefaultExecutor.java:41]
	at org.eclipse.ant.internal.core.ant.EclipseDefaultExecutor.executeTargets[EclipseDefaultExecutor.java:32]
	at org.apache.tools.ant.Project.executeTargets[Project.java:1251]
	at org.eclipse.ant.internal.core.ant.InternalAntRunner.run[InternalAntRunner.java:672]
	at org.eclipse.ant.internal.core.ant.InternalAntRunner.run[InternalAntRunner.java:498]
	at sun.reflect.NativeMethodAccessorImpl.invoke0[Native Method]
	at sun.reflect.NativeMethodAccessorImpl.invoke[NativeMethodAccessorImpl.java:57]
	at sun.reflect.DelegatingMethodAccessorImpl.invoke[DelegatingMethodAccessorImpl.java:43]
	at java.lang.reflect.Method.invoke[Method.java:616]
	at org.eclipse.ant.core.AntRunner.run[AntRunner.java:378]
	at org.eclipse.ant.internal.launching.launchConfigurations.AntLaunchDelegate$1.run[AntLaunchDelegate.java:298]
	at java.lang.Thread.run[Thread.java:679]

	at org.apache.tools.ant.ProjectHelper.addLocationToBuildException(ProjectHelper.java:551)
	at org.apache.tools.ant.taskdefs.MacroInstance.execute(MacroInstance.java:401)
	at org.apache.tools.ant.UnknownElement.execute(UnknownElement.java:291)
	at sun.reflect.NativeMethodAccessorImpl.invoke0(Native Method)
	at sun.reflect.NativeMethodAccessorImpl.invoke(NativeMethodAccessorImpl.java:57)
	at sun.reflect.DelegatingMethodAccessorImpl.invoke(DelegatingMethodAccessorImpl.java:43)
	at java.lang.reflect.Method.invoke(Method.java:616)
	at org.apache.tools.ant.dispatch.DispatchUtils.execute(DispatchUtils.java:106)
	at org.apache.tools.ant.Task.perform(Task.java:348)
	at org.eclipse.epsilon.workflow.tasks.EUnitTask$TaskCollection.run(EUnitTask.java:69)
	at org.eclipse.epsilon.workflow.tasks.EUnitTask.beforeCase(EUnitTask.java:218)
	at org.eclipse.epsilon.eunit.EUnitModule.fireBeforeCase(EUnitModule.java:507)
	at org.eclipse.epsilon.eunit.EUnitModule.runSuiteInternal(EUnitModule.java:318)
	at org.eclipse.epsilon.eunit.EUnitModule.runSuite(EUnitModule.java:164)
	at org.eclipse.epsilon.eunit.EUnitModule.runInnerTestCase(EUnitModule.java:361)
	at org.eclipse.epsilon.eunit.EUnitModule.runSuiteInternal(EUnitModule.java:339)
	at org.eclipse.epsilon.eunit.EUnitModule.runSuite(EUnitModule.java:164)
	at org.eclipse.epsilon.eunit.EUnitModule.runInnerTestCase(EUnitModule.java:361)
	at org.eclipse.epsilon.eunit.EUnitModule.runSuiteInternal(EUnitModule.java:339)
	at org.eclipse.epsilon.eunit.EUnitModule.runSuite(EUnitModule.java:164)
	at org.eclipse.epsilon.eunit.EUnitModule.execute(EUnitModule.java:136)
	at org.eclipse.epsilon.workflow.tasks.ExecutableModuleTask.executeImpl(ExecutableModuleTask.java:193)
	at org.eclipse.epsilon.workflow.tasks.EpsilonTask.execute(EpsilonTask.java:40)
	at org.apache.tools.ant.UnknownElement.execute(UnknownElement.java:291)
	at sun.reflect.NativeMethodAccessorImpl.invoke0(Native Method)
	at sun.reflect.NativeMethodAccessorImpl.invoke(NativeMethodAccessorImpl.java:57)
	at sun.reflect.DelegatingMethodAccessorImpl.invoke(DelegatingMethodAccessorImpl.java:43)
	at java.lang.reflect.Method.invoke(Method.java:616)
	at org.apache.tools.ant.dispatch.DispatchUtils.execute(DispatchUtils.java:106)
	at org.apache.tools.ant.Task.perform(Task.java:348)
	at org.apache.tools.ant.Target.execute(Target.java:392)
	at org.apache.tools.ant.Target.performTasks(Target.java:413)
	at org.apache.tools.ant.Project.executeSortedTargets(Project.java:1399)
	at org.apache.tools.ant.Project.executeTarget(Project.java:1368)
	at org.apache.tools.ant.helper.DefaultExecutor.executeTargets(DefaultExecutor.java:41)
	at org.eclipse.ant.internal.core.ant.EclipseDefaultExecutor.executeTargets(EclipseDefaultExecutor.java:32)
	at org.apache.tools.ant.Project.executeTargets(Project.java:1251)
	at org.eclipse.ant.internal.core.ant.InternalAntRunner.run(InternalAntRunner.java:672)
	at org.eclipse.ant.internal.core.ant.InternalAntRunner.run(InternalAntRunner.java:498)
	at sun.reflect.NativeMethodAccessorImpl.invoke0(Native Method)
	at sun.reflect.NativeMethodAccessorImpl.invoke(NativeMethodAccessorImpl.java:57)
	at sun.reflect.DelegatingMethodAccessorImpl.invoke(DelegatingMethodAccessorImpl.java:43)
	at java.lang.reflect.Method.invoke(Method.java:616)
	at org.eclipse.ant.core.AntRunner.run(AntRunner.java:378)
	at org.eclipse.ant.internal.launching.launchConfigurations.AntLaunchDelegate$1.run(AntLaunchDelegate.java:298)
	at java.lang.Thread.run(Thread.java:679)
Caused by: /home/antonio/Documents/sodmt/workspace-metamodels/es.uca.modeling.eol.tests/eunit.xml:17: Internal error: java.lang.IllegalArgumentException: Could not locate a metamodel with the URI 'www.uca.es/modeling/serviceProcess'. Please ensure that this metamodel has been registered with Epsilon.
	at org.eclipse.epsilon.emc.emf.EmfModel.determinePackagesFrom[EmfModel.java:266]
	at org.eclipse.epsilon.emc.emf.EmfModel.loadModelFromUri[EmfModel.java:214]
	at org.eclipse.epsilon.emc.emf.EmfModel.loadModel[EmfModel.java:161]
	at org.eclipse.epsilon.eol.models.CachedModel.load[CachedModel.java:147]
	at org.eclipse.epsilon.emc.emf.EmfModel.load[EmfModel.java:127]
	at org.eclipse.epsilon.workflow.tasks.emf.LoadEmfModel.executeImpl[LoadEmfModel.java:67]
	at org.eclipse.epsilon.workflow.tasks.EpsilonTask.execute[EpsilonTask.java:40]
	at org.apache.tools.ant.UnknownElement.execute[UnknownElement.java:291]
	at sun.reflect.NativeMethodAccessorImpl.invoke0[Native Method]
	at sun.reflect.NativeMethodAccessorImpl.invoke[NativeMethodAccessorImpl.java:57]
	at sun.reflect.DelegatingMethodAccessorImpl.invoke[DelegatingMethodAccessorImpl.java:43]
	at java.lang.reflect.Method.invoke[Method.java:616]
	at org.apache.tools.ant.dispatch.DispatchUtils.execute[DispatchUtils.java:106]
	at org.apache.tools.ant.Task.perform[Task.java:348]
	at org.apache.tools.ant.taskdefs.Sequential.execute[Sequential.java:68]
	at org.apache.tools.ant.UnknownElement.execute[UnknownElement.java:291]
	at sun.reflect.NativeMethodAccessorImpl.invoke0[Native Method]
	at sun.reflect.NativeMethodAccessorImpl.invoke[NativeMethodAccessorImpl.java:57]
	at sun.reflect.DelegatingMethodAccessorImpl.invoke[DelegatingMethodAccessorImpl.java:43]
	at java.lang.reflect.Method.invoke[Method.java:616]
	at org.apache.tools.ant.dispatch.DispatchUtils.execute[DispatchUtils.java:106]
	at org.apache.tools.ant.Task.perform[Task.java:348]
	at org.apache.tools.ant.taskdefs.MacroInstance.execute[MacroInstance.java:398]
	at org.apache.tools.ant.UnknownElement.execute[UnknownElement.java:291]
	at sun.reflect.NativeMethodAccessorImpl.invoke0[Native Method]
	at sun.reflect.NativeMethodAccessorImpl.invoke[NativeMethodAccessorImpl.java:57]
	at sun.reflect.DelegatingMethodAccessorImpl.invoke[DelegatingMethodAccessorImpl.java:43]
	at java.lang.reflect.Method.invoke[Method.java:616]
	at org.apache.tools.ant.dispatch.DispatchUtils.execute[DispatchUtils.java:106]
	at org.apache.tools.ant.Task.perform[Task.java:348]
	at org.eclipse.epsilon.workflow.tasks.EUnitTask$TaskCollection.run[EUnitTask.java:69]
	at org.eclipse.epsilon.workflow.tasks.EUnitTask.beforeCase[EUnitTask.java:218]
	at org.eclipse.epsilon.eunit.EUnitModule.fireBeforeCase[EUnitModule.java:507]
	at org.eclipse.epsilon.eunit.EUnitModule.runSuiteInternal[EUnitModule.java:318]
	at org.eclipse.epsilon.eunit.EUnitModule.runSuite[EUnitModule.java:164]
	at org.eclipse.epsilon.eunit.EUnitModule.runInnerTestCase[EUnitModule.java:361]
	at org.eclipse.epsilon.eunit.EUnitModule.runSuiteInternal[EUnitModule.java:339]
	at org.eclipse.epsilon.eunit.EUnitModule.runSuite[EUnitModule.java:164]
	at org.eclipse.epsilon.eunit.EUnitModule.runInnerTestCase[EUnitModule.java:361]
	at org.eclipse.epsilon.eunit.EUnitModule.runSuiteInternal[EUnitModule.java:339]
	at org.eclipse.epsilon.eunit.EUnitModule.runSuite[EUnitModule.java:164]
	at org.eclipse.epsilon.eunit.EUnitModule.execute[EUnitModule.java:136]
	at org.eclipse.epsilon.workflow.tasks.ExecutableModuleTask.executeImpl[ExecutableModuleTask.java:193]
	at org.eclipse.epsilon.workflow.tasks.EpsilonTask.execute[EpsilonTask.java:40]
	at org.apache.tools.ant.UnknownElement.execute[UnknownElement.java:291]
	at sun.reflect.NativeMethodAccessorImpl.invoke0[Native Method]
	at sun.reflect.NativeMethodAccessorImpl.invoke[NativeMethodAccessorImpl.java:57]
	at sun.reflect.DelegatingMethodAccessorImpl.invoke[DelegatingMethodAccessorImpl.java:43]
	at java.lang.reflect.Method.invoke[Method.java:616]
	at org.apache.tools.ant.dispatch.DispatchUtils.execute[DispatchUtils.java:106]
	at org.apache.tools.ant.Task.perform[Task.java:348]
	at org.apache.tools.ant.Target.execute[Target.java:392]
	at org.apache.tools.ant.Target.performTasks[Target.java:413]
	at org.apache.tools.ant.Project.executeSortedTargets[Project.java:1399]
	at org.apache.tools.ant.Project.executeTarget[Project.java:1368]
	at org.apache.tools.ant.helper.DefaultExecutor.executeTargets[DefaultExecutor.java:41]
	at org.eclipse.ant.internal.core.ant.EclipseDefaultExecutor.executeTargets[EclipseDefaultExecutor.java:32]
	at org.apache.tools.ant.Project.executeTargets[Project.java:1251]
	at org.eclipse.ant.internal.core.ant.InternalAntRunner.run[InternalAntRunner.java:672]
	at org.eclipse.ant.internal.core.ant.InternalAntRunner.run[InternalAntRunner.java:498]
	at sun.reflect.NativeMethodAccessorImpl.invoke0[Native Method]
	at sun.reflect.NativeMethodAccessorImpl.invoke[NativeMethodAccessorImpl.java:57]
	at sun.reflect.DelegatingMethodAccessorImpl.invoke[DelegatingMethodAccessorImpl.java:43]
	at java.lang.reflect.Method.invoke[Method.java:616]
	at org.eclipse.ant.core.AntRunner.run[AntRunner.java:378]
	at org.eclipse.ant.internal.launching.launchConfigurations.AntLaunchDelegate$1.run[AntLaunchDelegate.java:298]
	at java.lang.Thread.run[Thread.java:679]

	at org.eclipse.epsilon.workflow.tasks.emf.LoadEmfModel.executeImpl(LoadEmfModel.java:71)
	at org.eclipse.epsilon.workflow.tasks.EpsilonTask.execute(EpsilonTask.java:40)
	at org.apache.tools.ant.UnknownElement.execute(UnknownElement.java:291)
	at sun.reflect.NativeMethodAccessorImpl.invoke0(Native Method)
	at sun.reflect.NativeMethodAccessorImpl.invoke(NativeMethodAccessorImpl.java:57)
	at sun.reflect.DelegatingMethodAccessorImpl.invoke(DelegatingMethodAccessorImpl.java:43)
	at java.lang.reflect.Method.invoke(Method.java:616)
	at org.apache.tools.ant.dispatch.DispatchUtils.execute(DispatchUtils.java:106)
	at org.apache.tools.ant.Task.perform(Task.java:348)
	at org.apache.tools.ant.taskdefs.Sequential.execute(Sequential.java:68)
	at org.apache.tools.ant.UnknownElement.execute(UnknownElement.java:291)
	at sun.reflect.NativeMethodAccessorImpl.invoke0(Native Method)
	at sun.reflect.NativeMethodAccessorImpl.invoke(NativeMethodAccessorImpl.java:57)
	at sun.reflect.DelegatingMethodAccessorImpl.invoke(DelegatingMethodAccessorImpl.java:43)
	at java.lang.reflect.Method.invoke(Method.java:616)
	at org.apache.tools.ant.dispatch.DispatchUtils.execute(DispatchUtils.java:106)
	at org.apache.tools.ant.Task.perform(Task.java:348)
	at org.apache.tools.ant.taskdefs.MacroInstance.execute(MacroInstance.java:398)
	... 44 more
Caused by: Internal error: java.lang.IllegalArgumentException: Could not locate a metamodel with the URI 'www.uca.es/modeling/serviceProcess'. Please ensure that this metamodel has been registered with Epsilon.
	at org.eclipse.epsilon.emc.emf.EmfModel.determinePackagesFrom[EmfModel.java:266]
	at org.eclipse.epsilon.emc.emf.EmfModel.loadModelFromUri[EmfModel.java:214]
	at org.eclipse.epsilon.emc.emf.EmfModel.loadModel[EmfModel.java:161]
	at org.eclipse.epsilon.eol.models.CachedModel.load[CachedModel.java:147]
	at org.eclipse.epsilon.emc.emf.EmfModel.load[EmfModel.java:127]
	at org.eclipse.epsilon.workflow.tasks.emf.LoadEmfModel.executeImpl[LoadEmfModel.java:67]
	at org.eclipse.epsilon.workflow.tasks.EpsilonTask.execute[EpsilonTask.java:40]
	at org.apache.tools.ant.UnknownElement.execute[UnknownElement.java:291]
	at sun.reflect.NativeMethodAccessorImpl.invoke0[Native Method]
	at sun.reflect.NativeMethodAccessorImpl.invoke[NativeMethodAccessorImpl.java:57]
	at sun.reflect.DelegatingMethodAccessorImpl.invoke[DelegatingMethodAccessorImpl.java:43]
	at java.lang.reflect.Method.invoke[Method.java:616]
	at org.apache.tools.ant.dispatch.DispatchUtils.execute[DispatchUtils.java:106]
	at org.apache.tools.ant.Task.perform[Task.java:348]
	at org.apache.tools.ant.taskdefs.Sequential.execute[Sequential.java:68]
	at org.apache.tools.ant.UnknownElement.execute[UnknownElement.java:291]
	at sun.reflect.NativeMethodAccessorImpl.invoke0[Native Method]
	at sun.reflect.NativeMethodAccessorImpl.invoke[NativeMethodAccessorImpl.java:57]
	at sun.reflect.DelegatingMethodAccessorImpl.invoke[DelegatingMethodAccessorImpl.java:43]
	at java.lang.reflect.Method.invoke[Method.java:616]
	at org.apache.tools.ant.dispatch.DispatchUtils.execute[DispatchUtils.java:106]
	at org.apache.tools.ant.Task.perform[Task.java:348]
	at org.apache.tools.ant.taskdefs.MacroInstance.execute[MacroInstance.java:398]
	at org.apache.tools.ant.UnknownElement.execute[UnknownElement.java:291]
	at sun.reflect.NativeMethodAccessorImpl.invoke0[Native Method]
	at sun.reflect.NativeMethodAccessorImpl.invoke[NativeMethodAccessorImpl.java:57]
	at sun.reflect.DelegatingMethodAccessorImpl.invoke[DelegatingMethodAccessorImpl.java:43]
	at java.lang.reflect.Method.invoke[Method.java:616]
	at org.apache.tools.ant.dispatch.DispatchUtils.execute[DispatchUtils.java:106]
	at org.apache.tools.ant.Task.perform[Task.java:348]
	at org.eclipse.epsilon.workflow.tasks.EUnitTask$TaskCollection.run[EUnitTask.java:69]
	at org.eclipse.epsilon.workflow.tasks.EUnitTask.beforeCase[EUnitTask.java:218]
	at org.eclipse.epsilon.eunit.EUnitModule.fireBeforeCase[EUnitModule.java:507]
	at org.eclipse.epsilon.eunit.EUnitModule.runSuiteInternal[EUnitModule.java:318]
	at org.eclipse.epsilon.eunit.EUnitModule.runSuite[EUnitModule.java:164]
	at org.eclipse.epsilon.eunit.EUnitModule.runInnerTestCase[EUnitModule.java:361]
	at org.eclipse.epsilon.eunit.EUnitModule.runSuiteInternal[EUnitModule.java:339]
	at org.eclipse.epsilon.eunit.EUnitModule.runSuite[EUnitModule.java:164]
	at org.eclipse.epsilon.eunit.EUnitModule.runInnerTestCase[EUnitModule.java:361]
	at org.eclipse.epsilon.eunit.EUnitModule.runSuiteInternal[EUnitModule.java:339]
	at org.eclipse.epsilon.eunit.EUnitModule.runSuite[EUnitModule.java:164]
	at org.eclipse.epsilon.eunit.EUnitModule.execute[EUnitModule.java:136]
	at org.eclipse.epsilon.workflow.tasks.ExecutableModuleTask.executeImpl[ExecutableModuleTask.java:193]
	at org.eclipse.epsilon.workflow.tasks.EpsilonTask.execute[EpsilonTask.java:40]
	at org.apache.tools.ant.UnknownElement.execute[UnknownElement.java:291]
	at sun.reflect.NativeMethodAccessorImpl.invoke0[Native Method]
	at sun.reflect.NativeMethodAccessorImpl.invoke[NativeMethodAccessorImpl.java:57]
	at sun.reflect.DelegatingMethodAccessorImpl.invoke[DelegatingMethodAccessorImpl.java:43]
	at java.lang.reflect.Method.invoke[Method.java:616]
	at org.apache.tools.ant.dispatch.DispatchUtils.execute[DispatchUtils.java:106]
	at org.apache.tools.ant.Task.perform[Task.java:348]
	at org.apache.tools.ant.Target.execute[Target.java:392]
	at org.apache.tools.ant.Target.performTasks[Target.java:413]
	at org.apache.tools.ant.Project.executeSortedTargets[Project.java:1399]
	at org.apache.tools.ant.Project.executeTarget[Project.java:1368]
	at org.apache.tools.ant.helper.DefaultExecutor.executeTargets[DefaultExecutor.java:41]
	at org.eclipse.ant.internal.core.ant.EclipseDefaultExecutor.executeTargets[EclipseDefaultExecutor.java:32]
	at org.apache.tools.ant.Project.executeTargets[Project.java:1251]
	at org.eclipse.ant.internal.core.ant.InternalAntRunner.run[InternalAntRunner.java:672]
	at org.eclipse.ant.internal.core.ant.InternalAntRunner.run[InternalAntRunner.java:498]
	at sun.reflect.NativeMethodAccessorImpl.invoke0[Native Method]
	at sun.reflect.NativeMethodAccessorImpl.invoke[NativeMethodAccessorImpl.java:57]
	at sun.reflect.DelegatingMethodAccessorImpl.invoke[DelegatingMethodAccessorImpl.java:43]
	at java.lang.reflect.Method.invoke[Method.java:616]
	at org.eclipse.ant.core.AntRunner.run[AntRunner.java:378]
	at org.eclipse.ant.internal.launching.launchConfigurations.AntLaunchDelegate$1.run[AntLaunchDelegate.java:298]
	at java.lang.Thread.run[Thread.java:679]

	at org.eclipse.epsilon.emc.emf.EmfModel.determinePackagesFrom(EmfModel.java:266)
	at org.eclipse.epsilon.emc.emf.EmfModel.loadModelFromUri(EmfModel.java:214)
	at org.eclipse.epsilon.emc.emf.EmfModel.loadModel(EmfModel.java:161)
	at org.eclipse.epsilon.eol.models.CachedModel.load(CachedModel.java:147)
	at org.eclipse.epsilon.emc.emf.EmfModel.load(EmfModel.java:127)
	at org.eclipse.epsilon.workflow.tasks.emf.LoadEmfModel.executeImpl(LoadEmfModel.java:67)
	... 61 more
Caused by: java.lang.IllegalArgumentException: Could not locate a metamodel with the URI 'www.uca.es/modeling/serviceProcess'. Please ensure that this metamodel has been registered with Epsilon.
	... 67 more
</error></testcase><testcase classname="sodmt.adhoc.eol.tlimits.eunit" name="withInteger[3]" time="0.00500000"><error message="The following error occurred while executing this line:&#10;/home/antonio/Documents/sodmt/workspace-metamodels/es.uca.modeling.eol.tests/eunit.xml:17: Internal error: java.lang.IllegalArgumentException: Could not locate a metamodel with the URI 'www.uca.es/modeling/serviceProcess'. Please ensure that this metamodel has been registered with Epsilon.&#10;&#9;at org.eclipse.epsilon.emc.emf.EmfModel.determinePackagesFrom[EmfModel.java:266]&#10;&#9;at org.eclipse.epsilon.emc.emf.EmfModel.loadModelFromUri[EmfModel.java:214]&#10;&#9;at org.eclipse.epsilon.emc.emf.EmfModel.loadModel[EmfModel.java:161]&#10;&#9;at org.eclipse.epsilon.eol.models.CachedModel.load[CachedModel.java:147]&#10;&#9;at org.eclipse.epsilon.emc.emf.EmfModel.load[EmfModel.java:127]&#10;&#9;at org.eclipse.epsilon.workflow.tasks.emf.LoadEmfModel.executeImpl[LoadEmfModel.java:67]&#10;&#9;at org.eclipse.epsilon.workflow.tasks.EpsilonTask.execute[EpsilonTask.java:40]&#10;&#9;at org.apache.tools.ant.UnknownElement.execute[UnknownElement.java:291]&#10;&#9;at sun.reflect.NativeMethodAccessorImpl.invoke0[Native Method]&#10;&#9;at sun.reflect.NativeMethodAccessorImpl.invoke[NativeMethodAccessorImpl.java:57]&#10;&#9;at sun.reflect.DelegatingMethodAccessorImpl.invoke[DelegatingMethodAccessorImpl.java:43]&#10;&#9;at java.lang.reflect.Method.invoke[Method.java:616]&#10;&#9;at org.apache.tools.ant.dispatch.DispatchUtils.execute[DispatchUtils.java:106]&#10;&#9;at org.apache.tools.ant.Task.perform[Task.java:348]&#10;&#9;at org.apache.tools.ant.taskdefs.Sequential.execute[Sequential.java:68]&#10;&#9;at org.apache.tools.ant.UnknownElement.execute[UnknownElement.java:291]&#10;&#9;at sun.reflect.NativeMethodAccessorImpl.invoke0[Native Method]&#10;&#9;at sun.reflect.NativeMethodAccessorImpl.invoke[NativeMethodAccessorImpl.java:57]&#10;&#9;at sun.reflect.DelegatingMethodAccessorImpl.invoke[DelegatingMethodAccessorImpl.java:43]&#10;&#9;at java.lang.reflect.Method.invoke[Method.java:616]&#10;&#9;at org.apache.tools.ant.dispatch.DispatchUtils.execute[DispatchUtils.java:106]&#10;&#9;at org.apache.tools.ant.Task.perform[Task.java:348]&#10;&#9;at org.apache.tools.ant.taskdefs.MacroInstance.execute[MacroInstance.java:398]&#10;&#9;at org.apache.tools.ant.UnknownElement.execute[UnknownElement.java:291]&#10;&#9;at sun.reflect.NativeMethodAccessorImpl.invoke0[Native Method]&#10;&#9;at sun.reflect.NativeMethodAccessorImpl.invoke[NativeMethodAccessorImpl.java:57]&#10;&#9;at sun.reflect.DelegatingMethodAccessorImpl.invoke[DelegatingMethodAccessorImpl.java:43]&#10;&#9;at java.lang.reflect.Method.invoke[Method.java:616]&#10;&#9;at org.apache.tools.ant.dispatch.DispatchUtils.execute[DispatchUtils.java:106]&#10;&#9;at org.apache.tools.ant.Task.perform[Task.java:348]&#10;&#9;at org.eclipse.epsilon.workflow.tasks.EUnitTask$TaskCollection.run[EUnitTask.java:69]&#10;&#9;at org.eclipse.epsilon.workflow.tasks.EUnitTask.beforeCase[EUnitTask.java:218]&#10;&#9;at org.eclipse.epsilon.eunit.EUnitModule.fireBeforeCase[EUnitModule.java:507]&#10;&#9;at org.eclipse.epsilon.eunit.EUnitModule.runSuiteInternal[EUnitModule.java:318]&#10;&#9;at org.eclipse.epsilon.eunit.EUnitModule.runSuite[EUnitModule.java:164]&#10;&#9;at org.eclipse.epsilon.eunit.EUnitModule.runInnerTestCase[EUnitModule.java:361]&#10;&#9;at org.eclipse.epsilon.eunit.EUnitModule.runSuiteInternal[EUnitModule.java:339]&#10;&#9;at org.eclipse.epsilon.eunit.EUnitModule.runSuite[EUnitModule.java:164]&#10;&#9;at org.eclipse.epsilon.eunit.EUnitModule.runInnerTestCase[EUnitModule.java:361]&#10;&#9;at org.eclipse.epsilon.eunit.EUnitModule.runSuiteInternal[EUnitModule.java:339]&#10;&#9;at org.eclipse.epsilon.eunit.EUnitModule.runSuite[EUnitModule.java:164]&#10;&#9;at org.eclipse.epsilon.eunit.EUnitModule.execute[EUnitModule.java:136]&#10;&#9;at org.eclipse.epsilon.workflow.tasks.ExecutableModuleTask.executeImpl[ExecutableModuleTask.java:193]&#10;&#9;at org.eclipse.epsilon.workflow.tasks.EpsilonTask.execute[EpsilonTask.java:40]&#10;&#9;at org.apache.tools.ant.UnknownElement.execute[UnknownElement.java:291]&#10;&#9;at sun.reflect.NativeMethodAccessorImpl.invoke0[Native Method]&#10;&#9;at sun.reflect.NativeMethodAccessorImpl.invoke[NativeMethodAccessorImpl.java:57]&#10;&#9;at sun.reflect.DelegatingMethodAccessorImpl.invoke[DelegatingMethodAccessorImpl.java:43]&#10;&#9;at java.lang.reflect.Method.invoke[Method.java:616]&#10;&#9;at org.apache.tools.ant.dispatch.DispatchUtils.execute[DispatchUtils.java:106]&#10;&#9;at org.apache.tools.ant.Task.perform[Task.java:348]&#10;&#9;at org.apache.tools.ant.Target.execute[Target.java:392]&#10;&#9;at org.apache.tools.ant.Target.performTasks[Target.java:413]&#10;&#9;at org.apache.tools.ant.Project.executeSortedTargets[Project.java:1399]&#10;&#9;at org.apache.tools.ant.Project.executeTarget[Project.java:1368]&#10;&#9;at org.apache.tools.ant.helper.DefaultExecutor.executeTargets[DefaultExecutor.java:41]&#10;&#9;at org.eclipse.ant.internal.core.ant.EclipseDefaultExecutor.executeTargets[EclipseDefaultExecutor.java:32]&#10;&#9;at org.apache.tools.ant.Project.executeTargets[Project.java:1251]&#10;&#9;at org.eclipse.ant.internal.core.ant.InternalAntRunner.run[InternalAntRunner.java:672]&#10;&#9;at org.eclipse.ant.internal.core.ant.InternalAntRunner.run[InternalAntRunner.java:498]&#10;&#9;at sun.reflect.NativeMethodAccessorImpl.invoke0[Native Method]&#10;&#9;at sun.reflect.NativeMethodAccessorImpl.invoke[NativeMethodAccessorImpl.java:57]&#10;&#9;at sun.reflect.DelegatingMethodAccessorImpl.invoke[DelegatingMethodAccessorImpl.java:43]&#10;&#9;at java.lang.reflect.Method.invoke[Method.java:616]&#10;&#9;at org.eclipse.ant.core.AntRunner.run[AntRunner.java:378]&#10;&#9;at org.eclipse.ant.internal.launching.launchConfigurations.AntLaunchDelegate$1.run[AntLaunchDelegate.java:298]&#10;&#9;at java.lang.Thread.run[Thread.java:679]&#10;" type="org.apache.tools.ant.BuildException">/home/antonio/Documents/sodmt/workspace-metamodels/es.uca.modeling.eol.tests/eunit.xml:34: The following error occurred while executing this line:
/home/antonio/Documents/sodmt/workspace-metamodels/es.uca.modeling.eol.tests/eunit.xml:17: Internal error: java.lang.IllegalArgumentException: Could not locate a metamodel with the URI 'www.uca.es/modeling/serviceProcess'. Please ensure that this metamodel has been registered with Epsilon.
	at org.eclipse.epsilon.emc.emf.EmfModel.determinePackagesFrom[EmfModel.java:266]
	at org.eclipse.epsilon.emc.emf.EmfModel.loadModelFromUri[EmfModel.java:214]
	at org.eclipse.epsilon.emc.emf.EmfModel.loadModel[EmfModel.java:161]
	at org.eclipse.epsilon.eol.models.CachedModel.load[CachedModel.java:147]
	at org.eclipse.epsilon.emc.emf.EmfModel.load[EmfModel.java:127]
	at org.eclipse.epsilon.workflow.tasks.emf.LoadEmfModel.executeImpl[LoadEmfModel.java:67]
	at org.eclipse.epsilon.workflow.tasks.EpsilonTask.execute[EpsilonTask.java:40]
	at org.apache.tools.ant.UnknownElement.execute[UnknownElement.java:291]
	at sun.reflect.NativeMethodAccessorImpl.invoke0[Native Method]
	at sun.reflect.NativeMethodAccessorImpl.invoke[NativeMethodAccessorImpl.java:57]
	at sun.reflect.DelegatingMethodAccessorImpl.invoke[DelegatingMethodAccessorImpl.java:43]
	at java.lang.reflect.Method.invoke[Method.java:616]
	at org.apache.tools.ant.dispatch.DispatchUtils.execute[DispatchUtils.java:106]
	at org.apache.tools.ant.Task.perform[Task.java:348]
	at org.apache.tools.ant.taskdefs.Sequential.execute[Sequential.java:68]
	at org.apache.tools.ant.UnknownElement.execute[UnknownElement.java:291]
	at sun.reflect.NativeMethodAccessorImpl.invoke0[Native Method]
	at sun.reflect.NativeMethodAccessorImpl.invoke[NativeMethodAccessorImpl.java:57]
	at sun.reflect.DelegatingMethodAccessorImpl.invoke[DelegatingMethodAccessorImpl.java:43]
	at java.lang.reflect.Method.invoke[Method.java:616]
	at org.apache.tools.ant.dispatch.DispatchUtils.execute[DispatchUtils.java:106]
	at org.apache.tools.ant.Task.perform[Task.java:348]
	at org.apache.tools.ant.taskdefs.MacroInstance.execute[MacroInstance.java:398]
	at org.apache.tools.ant.UnknownElement.execute[UnknownElement.java:291]
	at sun.reflect.NativeMethodAccessorImpl.invoke0[Native Method]
	at sun.reflect.NativeMethodAccessorImpl.invoke[NativeMethodAccessorImpl.java:57]
	at sun.reflect.DelegatingMethodAccessorImpl.invoke[DelegatingMethodAccessorImpl.java:43]
	at java.lang.reflect.Method.invoke[Method.java:616]
	at org.apache.tools.ant.dispatch.DispatchUtils.execute[DispatchUtils.java:106]
	at org.apache.tools.ant.Task.perform[Task.java:348]
	at org.eclipse.epsilon.workflow.tasks.EUnitTask$TaskCollection.run[EUnitTask.java:69]
	at org.eclipse.epsilon.workflow.tasks.EUnitTask.beforeCase[EUnitTask.java:218]
	at org.eclipse.epsilon.eunit.EUnitModule.fireBeforeCase[EUnitModule.java:507]
	at org.eclipse.epsilon.eunit.EUnitModule.runSuiteInternal[EUnitModule.java:318]
	at org.eclipse.epsilon.eunit.EUnitModule.runSuite[EUnitModule.java:164]
	at org.eclipse.epsilon.eunit.EUnitModule.runInnerTestCase[EUnitModule.java:361]
	at org.eclipse.epsilon.eunit.EUnitModule.runSuiteInternal[EUnitModule.java:339]
	at org.eclipse.epsilon.eunit.EUnitModule.runSuite[EUnitModule.java:164]
	at org.eclipse.epsilon.eunit.EUnitModule.runInnerTestCase[EUnitModule.java:361]
	at org.eclipse.epsilon.eunit.EUnitModule.runSuiteInternal[EUnitModule.java:339]
	at org.eclipse.epsilon.eunit.EUnitModule.runSuite[EUnitModule.java:164]
	at org.eclipse.epsilon.eunit.EUnitModule.execute[EUnitModule.java:136]
	at org.eclipse.epsilon.workflow.tasks.ExecutableModuleTask.executeImpl[ExecutableModuleTask.java:193]
	at org.eclipse.epsilon.workflow.tasks.EpsilonTask.execute[EpsilonTask.java:40]
	at org.apache.tools.ant.UnknownElement.execute[UnknownElement.java:291]
	at sun.reflect.NativeMethodAccessorImpl.invoke0[Native Method]
	at sun.reflect.NativeMethodAccessorImpl.invoke[NativeMethodAccessorImpl.java:57]
	at sun.reflect.DelegatingMethodAccessorImpl.invoke[DelegatingMethodAccessorImpl.java:43]
	at java.lang.reflect.Method.invoke[Method.java:616]
	at org.apache.tools.ant.dispatch.DispatchUtils.execute[DispatchUtils.java:106]
	at org.apache.tools.ant.Task.perform[Task.java:348]
	at org.apache.tools.ant.Target.execute[Target.java:392]
	at org.apache.tools.ant.Target.performTasks[Target.java:413]
	at org.apache.tools.ant.Project.executeSortedTargets[Project.java:1399]
	at org.apache.tools.ant.Project.executeTarget[Project.java:1368]
	at org.apache.tools.ant.helper.DefaultExecutor.executeTargets[DefaultExecutor.java:41]
	at org.eclipse.ant.internal.core.ant.EclipseDefaultExecutor.executeTargets[EclipseDefaultExecutor.java:32]
	at org.apache.tools.ant.Project.executeTargets[Project.java:1251]
	at org.eclipse.ant.internal.core.ant.InternalAntRunner.run[InternalAntRunner.java:672]
	at org.eclipse.ant.internal.core.ant.InternalAntRunner.run[InternalAntRunner.java:498]
	at sun.reflect.NativeMethodAccessorImpl.invoke0[Native Method]
	at sun.reflect.NativeMethodAccessorImpl.invoke[NativeMethodAccessorImpl.java:57]
	at sun.reflect.DelegatingMethodAccessorImpl.invoke[DelegatingMethodAccessorImpl.java:43]
	at java.lang.reflect.Method.invoke[Method.java:616]
	at org.eclipse.ant.core.AntRunner.run[AntRunner.java:378]
	at org.eclipse.ant.internal.launching.launchConfigurations.AntLaunchDelegate$1.run[AntLaunchDelegate.java:298]
	at java.lang.Thread.run[Thread.java:679]

	at org.apache.tools.ant.ProjectHelper.addLocationToBuildException(ProjectHelper.java:551)
	at org.apache.tools.ant.taskdefs.MacroInstance.execute(MacroInstance.java:401)
	at org.apache.tools.ant.UnknownElement.execute(UnknownElement.java:291)
	at sun.reflect.NativeMethodAccessorImpl.invoke0(Native Method)
	at sun.reflect.NativeMethodAccessorImpl.invoke(NativeMethodAccessorImpl.java:57)
	at sun.reflect.DelegatingMethodAccessorImpl.invoke(DelegatingMethodAccessorImpl.java:43)
	at java.lang.reflect.Method.invoke(Method.java:616)
	at org.apache.tools.ant.dispatch.DispatchUtils.execute(DispatchUtils.java:106)
	at org.apache.tools.ant.Task.perform(Task.java:348)
	at org.eclipse.epsilon.workflow.tasks.EUnitTask$TaskCollection.run(EUnitTask.java:69)
	at org.eclipse.epsilon.workflow.tasks.EUnitTask.beforeCase(EUnitTask.java:218)
	at org.eclipse.epsilon.eunit.EUnitModule.fireBeforeCase(EUnitModule.java:507)
	at org.eclipse.epsilon.eunit.EUnitModule.runSuiteInternal(EUnitModule.java:318)
	at org.eclipse.epsilon.eunit.EUnitModule.runSuite(EUnitModule.java:164)
	at org.eclipse.epsilon.eunit.EUnitModule.runInnerTestCase(EUnitModule.java:361)
	at org.eclipse.epsilon.eunit.EUnitModule.runSuiteInternal(EUnitModule.java:339)
	at org.eclipse.epsilon.eunit.EUnitModule.runSuite(EUnitModule.java:164)
	at org.eclipse.epsilon.eunit.EUnitModule.runInnerTestCase(EUnitModule.java:361)
	at org.eclipse.epsilon.eunit.EUnitModule.runSuiteInternal(EUnitModule.java:339)
	at org.eclipse.epsilon.eunit.EUnitModule.runSuite(EUnitModule.java:164)
	at org.eclipse.epsilon.eunit.EUnitModule.execute(EUnitModule.java:136)
	at org.eclipse.epsilon.workflow.tasks.ExecutableModuleTask.executeImpl(ExecutableModuleTask.java:193)
	at org.eclipse.epsilon.workflow.tasks.EpsilonTask.execute(EpsilonTask.java:40)
	at org.apache.tools.ant.UnknownElement.execute(UnknownElement.java:291)
	at sun.reflect.NativeMethodAccessorImpl.invoke0(Native Method)
	at sun.reflect.NativeMethodAccessorImpl.invoke(NativeMethodAccessorImpl.java:57)
	at sun.reflect.DelegatingMethodAccessorImpl.invoke(DelegatingMethodAccessorImpl.java:43)
	at java.lang.reflect.Method.invoke(Method.java:616)
	at org.apache.tools.ant.dispatch.DispatchUtils.execute(DispatchUtils.java:106)
	at org.apache.tools.ant.Task.perform(Task.java:348)
	at org.apache.tools.ant.Target.execute(Target.java:392)
	at org.apache.tools.ant.Target.performTasks(Target.java:413)
	at org.apache.tools.ant.Project.executeSortedTargets(Project.java:1399)
	at org.apache.tools.ant.Project.executeTarget(Project.java:1368)
	at org.apache.tools.ant.helper.DefaultExecutor.executeTargets(DefaultExecutor.java:41)
	at org.eclipse.ant.internal.core.ant.EclipseDefaultExecutor.executeTargets(EclipseDefaultExecutor.java:32)
	at org.apache.tools.ant.Project.executeTargets(Project.java:1251)
	at org.eclipse.ant.internal.core.ant.InternalAntRunner.run(InternalAntRunner.java:672)
	at org.eclipse.ant.internal.core.ant.InternalAntRunner.run(InternalAntRunner.java:498)
	at sun.reflect.NativeMethodAccessorImpl.invoke0(Native Method)
	at sun.reflect.NativeMethodAccessorImpl.invoke(NativeMethodAccessorImpl.java:57)
	at sun.reflect.DelegatingMethodAccessorImpl.invoke(DelegatingMethodAccessorImpl.java:43)
	at java.lang.reflect.Method.invoke(Method.java:616)
	at org.eclipse.ant.core.AntRunner.run(AntRunner.java:378)
	at org.eclipse.ant.internal.launching.launchConfigurations.AntLaunchDelegate$1.run(AntLaunchDelegate.java:298)
	at java.lang.Thread.run(Thread.java:679)
Caused by: /home/antonio/Documents/sodmt/workspace-metamodels/es.uca.modeling.eol.tests/eunit.xml:17: Internal error: java.lang.IllegalArgumentException: Could not locate a metamodel with the URI 'www.uca.es/modeling/serviceProcess'. Please ensure that this metamodel has been registered with Epsilon.
	at org.eclipse.epsilon.emc.emf.EmfModel.determinePackagesFrom[EmfModel.java:266]
	at org.eclipse.epsilon.emc.emf.EmfModel.loadModelFromUri[EmfModel.java:214]
	at org.eclipse.epsilon.emc.emf.EmfModel.loadModel[EmfModel.java:161]
	at org.eclipse.epsilon.eol.models.CachedModel.load[CachedModel.java:147]
	at org.eclipse.epsilon.emc.emf.EmfModel.load[EmfModel.java:127]
	at org.eclipse.epsilon.workflow.tasks.emf.LoadEmfModel.executeImpl[LoadEmfModel.java:67]
	at org.eclipse.epsilon.workflow.tasks.EpsilonTask.execute[EpsilonTask.java:40]
	at org.apache.tools.ant.UnknownElement.execute[UnknownElement.java:291]
	at sun.reflect.NativeMethodAccessorImpl.invoke0[Native Method]
	at sun.reflect.NativeMethodAccessorImpl.invoke[NativeMethodAccessorImpl.java:57]
	at sun.reflect.DelegatingMethodAccessorImpl.invoke[DelegatingMethodAccessorImpl.java:43]
	at java.lang.reflect.Method.invoke[Method.java:616]
	at org.apache.tools.ant.dispatch.DispatchUtils.execute[DispatchUtils.java:106]
	at org.apache.tools.ant.Task.perform[Task.java:348]
	at org.apache.tools.ant.taskdefs.Sequential.execute[Sequential.java:68]
	at org.apache.tools.ant.UnknownElement.execute[UnknownElement.java:291]
	at sun.reflect.NativeMethodAccessorImpl.invoke0[Native Method]
	at sun.reflect.NativeMethodAccessorImpl.invoke[NativeMethodAccessorImpl.java:57]
	at sun.reflect.DelegatingMethodAccessorImpl.invoke[DelegatingMethodAccessorImpl.java:43]
	at java.lang.reflect.Method.invoke[Method.java:616]
	at org.apache.tools.ant.dispatch.DispatchUtils.execute[DispatchUtils.java:106]
	at org.apache.tools.ant.Task.perform[Task.java:348]
	at org.apache.tools.ant.taskdefs.MacroInstance.execute[MacroInstance.java:398]
	at org.apache.tools.ant.UnknownElement.execute[UnknownElement.java:291]
	at sun.reflect.NativeMethodAccessorImpl.invoke0[Native Method]
	at sun.reflect.NativeMethodAccessorImpl.invoke[NativeMethodAccessorImpl.java:57]
	at sun.reflect.DelegatingMethodAccessorImpl.invoke[DelegatingMethodAccessorImpl.java:43]
	at java.lang.reflect.Method.invoke[Method.java:616]
	at org.apache.tools.ant.dispatch.DispatchUtils.execute[DispatchUtils.java:106]
	at org.apache.tools.ant.Task.perform[Task.java:348]
	at org.eclipse.epsilon.workflow.tasks.EUnitTask$TaskCollection.run[EUnitTask.java:69]
	at org.eclipse.epsilon.workflow.tasks.EUnitTask.beforeCase[EUnitTask.java:218]
	at org.eclipse.epsilon.eunit.EUnitModule.fireBeforeCase[EUnitModule.java:507]
	at org.eclipse.epsilon.eunit.EUnitModule.runSuiteInternal[EUnitModule.java:318]
	at org.eclipse.epsilon.eunit.EUnitModule.runSuite[EUnitModule.java:164]
	at org.eclipse.epsilon.eunit.EUnitModule.runInnerTestCase[EUnitModule.java:361]
	at org.eclipse.epsilon.eunit.EUnitModule.runSuiteInternal[EUnitModule.java:339]
	at org.eclipse.epsilon.eunit.EUnitModule.runSuite[EUnitModule.java:164]
	at org.eclipse.epsilon.eunit.EUnitModule.runInnerTestCase[EUnitModule.java:361]
	at org.eclipse.epsilon.eunit.EUnitModule.runSuiteInternal[EUnitModule.java:339]
	at org.eclipse.epsilon.eunit.EUnitModule.runSuite[EUnitModule.java:164]
	at org.eclipse.epsilon.eunit.EUnitModule.execute[EUnitModule.java:136]
	at org.eclipse.epsilon.workflow.tasks.ExecutableModuleTask.executeImpl[ExecutableModuleTask.java:193]
	at org.eclipse.epsilon.workflow.tasks.EpsilonTask.execute[EpsilonTask.java:40]
	at org.apache.tools.ant.UnknownElement.execute[UnknownElement.java:291]
	at sun.reflect.NativeMethodAccessorImpl.invoke0[Native Method]
	at sun.reflect.NativeMethodAccessorImpl.invoke[NativeMethodAccessorImpl.java:57]
	at sun.reflect.DelegatingMethodAccessorImpl.invoke[DelegatingMethodAccessorImpl.java:43]
	at java.lang.reflect.Method.invoke[Method.java:616]
	at org.apache.tools.ant.dispatch.DispatchUtils.execute[DispatchUtils.java:106]
	at org.apache.tools.ant.Task.perform[Task.java:348]
	at org.apache.tools.ant.Target.execute[Target.java:392]
	at org.apache.tools.ant.Target.performTasks[Target.java:413]
	at org.apache.tools.ant.Project.executeSortedTargets[Project.java:1399]
	at org.apache.tools.ant.Project.executeTarget[Project.java:1368]
	at org.apache.tools.ant.helper.DefaultExecutor.executeTargets[DefaultExecutor.java:41]
	at org.eclipse.ant.internal.core.ant.EclipseDefaultExecutor.executeTargets[EclipseDefaultExecutor.java:32]
	at org.apache.tools.ant.Project.executeTargets[Project.java:1251]
	at org.eclipse.ant.internal.core.ant.InternalAntRunner.run[InternalAntRunner.java:672]
	at org.eclipse.ant.internal.core.ant.InternalAntRunner.run[InternalAntRunner.java:498]
	at sun.reflect.NativeMethodAccessorImpl.invoke0[Native Method]
	at sun.reflect.NativeMethodAccessorImpl.invoke[NativeMethodAccessorImpl.java:57]
	at sun.reflect.DelegatingMethodAccessorImpl.invoke[DelegatingMethodAccessorImpl.java:43]
	at java.lang.reflect.Method.invoke[Method.java:616]
	at org.eclipse.ant.core.AntRunner.run[AntRunner.java:378]
	at org.eclipse.ant.internal.launching.launchConfigurations.AntLaunchDelegate$1.run[AntLaunchDelegate.java:298]
	at java.lang.Thread.run[Thread.java:679]

	at org.eclipse.epsilon.workflow.tasks.emf.LoadEmfModel.executeImpl(LoadEmfModel.java:71)
	at org.eclipse.epsilon.workflow.tasks.EpsilonTask.execute(EpsilonTask.java:40)
	at org.apache.tools.ant.UnknownElement.execute(UnknownElement.java:291)
	at sun.reflect.NativeMethodAccessorImpl.invoke0(Native Method)
	at sun.reflect.NativeMethodAccessorImpl.invoke(NativeMethodAccessorImpl.java:57)
	at sun.reflect.DelegatingMethodAccessorImpl.invoke(DelegatingMethodAccessorImpl.java:43)
	at java.lang.reflect.Method.invoke(Method.java:616)
	at org.apache.tools.ant.dispatch.DispatchUtils.execute(DispatchUtils.java:106)
	at org.apache.tools.ant.Task.perform(Task.java:348)
	at org.apache.tools.ant.taskdefs.Sequential.execute(Sequential.java:68)
	at org.apache.tools.ant.UnknownElement.execute(UnknownElement.java:291)
	at sun.reflect.NativeMethodAccessorImpl.invoke0(Native Method)
	at sun.reflect.NativeMethodAccessorImpl.invoke(NativeMethodAccessorImpl.java:57)
	at sun.reflect.DelegatingMethodAccessorImpl.invoke(DelegatingMethodAccessorImpl.java:43)
	at java.lang.reflect.Method.invoke(Method.java:616)
	at org.apache.tools.ant.dispatch.DispatchUtils.execute(DispatchUtils.java:106)
	at org.apache.tools.ant.Task.perform(Task.java:348)
	at org.apache.tools.ant.taskdefs.MacroInstance.execute(MacroInstance.java:398)
	... 44 more
Caused by: Internal error: java.lang.IllegalArgumentException: Could not locate a metamodel with the URI 'www.uca.es/modeling/serviceProcess'. Please ensure that this metamodel has been registered with Epsilon.
	at org.eclipse.epsilon.emc.emf.EmfModel.determinePackagesFrom[EmfModel.java:266]
	at org.eclipse.epsilon.emc.emf.EmfModel.loadModelFromUri[EmfModel.java:214]
	at org.eclipse.epsilon.emc.emf.EmfModel.loadModel[EmfModel.java:161]
	at org.eclipse.epsilon.eol.models.CachedModel.load[CachedModel.java:147]
	at org.eclipse.epsilon.emc.emf.EmfModel.load[EmfModel.java:127]
	at org.eclipse.epsilon.workflow.tasks.emf.LoadEmfModel.executeImpl[LoadEmfModel.java:67]
	at org.eclipse.epsilon.workflow.tasks.EpsilonTask.execute[EpsilonTask.java:40]
	at org.apache.tools.ant.UnknownElement.execute[UnknownElement.java:291]
	at sun.reflect.NativeMethodAccessorImpl.invoke0[Native Method]
	at sun.reflect.NativeMethodAccessorImpl.invoke[NativeMethodAccessorImpl.java:57]
	at sun.reflect.DelegatingMethodAccessorImpl.invoke[DelegatingMethodAccessorImpl.java:43]
	at java.lang.reflect.Method.invoke[Method.java:616]
	at org.apache.tools.ant.dispatch.DispatchUtils.execute[DispatchUtils.java:106]
	at org.apache.tools.ant.Task.perform[Task.java:348]
	at org.apache.tools.ant.taskdefs.Sequential.execute[Sequential.java:68]
	at org.apache.tools.ant.UnknownElement.execute[UnknownElement.java:291]
	at sun.reflect.NativeMethodAccessorImpl.invoke0[Native Method]
	at sun.reflect.NativeMethodAccessorImpl.invoke[NativeMethodAccessorImpl.java:57]
	at sun.reflect.DelegatingMethodAccessorImpl.invoke[DelegatingMethodAccessorImpl.java:43]
	at java.lang.reflect.Method.invoke[Method.java:616]
	at org.apache.tools.ant.dispatch.DispatchUtils.execute[DispatchUtils.java:106]
	at org.apache.tools.ant.Task.perform[Task.java:348]
	at org.apache.tools.ant.taskdefs.MacroInstance.execute[MacroInstance.java:398]
	at org.apache.tools.ant.UnknownElement.execute[UnknownElement.java:291]
	at sun.reflect.NativeMethodAccessorImpl.invoke0[Native Method]
	at sun.reflect.NativeMethodAccessorImpl.invoke[NativeMethodAccessorImpl.java:57]
	at sun.reflect.DelegatingMethodAccessorImpl.invoke[DelegatingMethodAccessorImpl.java:43]
	at java.lang.reflect.Method.invoke[Method.java:616]
	at org.apache.tools.ant.dispatch.DispatchUtils.execute[DispatchUtils.java:106]
	at org.apache.tools.ant.Task.perform[Task.java:348]
	at org.eclipse.epsilon.workflow.tasks.EUnitTask$TaskCollection.run[EUnitTask.java:69]
	at org.eclipse.epsilon.workflow.tasks.EUnitTask.beforeCase[EUnitTask.java:218]
	at org.eclipse.epsilon.eunit.EUnitModule.fireBeforeCase[EUnitModule.java:507]
	at org.eclipse.epsilon.eunit.EUnitModule.runSuiteInternal[EUnitModule.java:318]
	at org.eclipse.epsilon.eunit.EUnitModule.runSuite[EUnitModule.java:164]
	at org.eclipse.epsilon.eunit.EUnitModule.runInnerTestCase[EUnitModule.java:361]
	at org.eclipse.epsilon.eunit.EUnitModule.runSuiteInternal[EUnitModule.java:339]
	at org.eclipse.epsilon.eunit.EUnitModule.runSuite[EUnitModule.java:164]
	at org.eclipse.epsilon.eunit.EUnitModule.runInnerTestCase[EUnitModule.java:361]
	at org.eclipse.epsilon.eunit.EUnitModule.runSuiteInternal[EUnitModule.java:339]
	at org.eclipse.epsilon.eunit.EUnitModule.runSuite[EUnitModule.java:164]
	at org.eclipse.epsilon.eunit.EUnitModule.execute[EUnitModule.java:136]
	at org.eclipse.epsilon.workflow.tasks.ExecutableModuleTask.executeImpl[ExecutableModuleTask.java:193]
[...]
	at org.eclipse.epsilon.emc.emf.EmfModel.load[EmfModel.java:127]
	at org.eclipse.epsilon.workflow.tasks.emf.LoadEmfModel.executeImpl[LoadEmfModel.java:67]
	at org.eclipse.epsilon.workflow.tasks.EpsilonTask.execute[EpsilonTask.java:40]
	at org.apache.tools.ant.UnknownElement.execute[UnknownElement.java:291]
	at sun.reflect.GeneratedMethodAccessor101.invoke[Unknown Source]
	at sun.reflect.DelegatingMethodAccessorImpl.invoke[DelegatingMethodAccessorImpl.java:43]
	at java.lang.reflect.Method.invoke[Method.java:616]
	at org.apache.tools.ant.dispatch.DispatchUtils.execute[DispatchUtils.java:106]
	at org.apache.tools.ant.Task.perform[Task.java:348]
	at org.apache.tools.ant.taskdefs.Sequential.execute[Sequential.java:68]
	at org.apache.tools.ant.UnknownElement.execute[UnknownElement.java:291]
	at sun.reflect.GeneratedMethodAccessor101.invoke[Unknown Source]
	at sun.reflect.DelegatingMethodAccessorImpl.invoke[DelegatingMethodAccessorImpl.java:43]
	at java.lang.reflect.Method.invoke[Method.java:616]
	at org.apache.tools.ant.dispatch.DispatchUtils.execute[DispatchUtils.java:106]
	at org.apache.tools.ant.Task.perform[Task.java:348]
	at org.apache.tools.ant.taskdefs.MacroInstance.execute[MacroInstance.java:398]
	at org.apache.tools.ant.UnknownElement.execute[UnknownElement.java:291]
	at sun.reflect.GeneratedMethodAccessor101.invoke[Unknown Source]
	at sun.reflect.DelegatingMethodAccessorImpl.invoke[DelegatingMethodAccessorImpl.java:43]
	at java.lang.reflect.Method.invoke[Method.java:616]
	at org.apache.tools.ant.dispatch.DispatchUtils.execute[DispatchUtils.java:106]
	at org.apache.tools.ant.Task.perform[Task.java:348]
	at org.eclipse.epsilon.workflow.tasks.EUnitTask$TaskCollection.run[EUnitTask.java:69]
	at org.eclipse.epsilon.workflow.tasks.EUnitTask.beforeCase[EUnitTask.java:218]
	at org.eclipse.epsilon.eunit.EUnitModule.fireBeforeCase[EUnitModule.java:507]
	at org.eclipse.epsilon.eunit.EUnitModule.runSuiteInternal[EUnitModule.java:318]
	at org.eclipse.epsilon.eunit.EUnitModule.runSuite[EUnitModule.java:164]
	at org.eclipse.epsilon.eunit.EUnitModule.runInnerTestCase[EUnitModule.java:361]
	at org.eclipse.epsilon.eunit.EUnitModule.runSuiteInternal[EUnitModule.java:339]
	at org.eclipse.epsilon.eunit.EUnitModule.runSuite[EUnitModule.java:164]
	at org.eclipse.epsilon.eunit.EUnitModule.runInnerTestCase[EUnitModule.java:361]
	at org.eclipse.epsilon.eunit.EUnitModule.runSuiteInternal[EUnitModule.java:339]
	at org.eclipse.epsilon.eunit.EUnitModule.runSuite[EUnitModule.java:164]
	at org.eclipse.epsilon.eunit.EUnitModule.execute[EUnitModule.java:136]
	at org.eclipse.epsilon.workflow.tasks.ExecutableModuleTask.executeImpl[ExecutableModuleTask.java:193]
	at org.eclipse.epsilon.workflow.tasks.EpsilonTask.execute[EpsilonTask.java:40]
	at org.apache.tools.ant.UnknownElement.execute[UnknownElement.java:291]
	at sun.reflect.NativeMethodAccessorImpl.invoke0[Native Method]
	at sun.reflect.NativeMethodAccessorImpl.invoke[NativeMethodAccessorImpl.java:57]
	at sun.reflect.DelegatingMethodAccessorImpl.invoke[DelegatingMethodAccessorImpl.java:43]
	at java.lang.reflect.Method.invoke[Method.java:616]
	at org.apache.tools.ant.dispatch.DispatchUtils.execute[DispatchUtils.java:106]
	at org.apache.tools.ant.Task.perform[Task.java:348]
	at org.apache.tools.ant.Target.execute[Target.java:392]
	at org.apache.tools.ant.Target.performTasks[Target.java:413]
	at org.apache.tools.ant.Project.executeSortedTargets[Project.java:1399]
	at org.apache.tools.ant.Project.executeTarget[Project.java:1368]
	at org.apache.tools.ant.helper.DefaultExecutor.executeTargets[DefaultExecutor.java:41]
	at org.eclipse.ant.internal.core.ant.EclipseDefaultExecutor.executeTargets[EclipseDefaultExecutor.java:32]
	at org.apache.tools.ant.Project.executeTargets[Project.java:1251]
	at org.eclipse.ant.internal.core.ant.InternalAntRunner.run[InternalAntRunner.java:672]
	at org.eclipse.ant.internal.core.ant.InternalAntRunner.run[InternalAntRunner.java:498]
	at sun.reflect.NativeMethodAccessorImpl.invoke0[Native Method]
	at sun.reflect.NativeMethodAccessorImpl.invoke[NativeMethodAccessorImpl.java:57]
	at sun.reflect.DelegatingMethodAccessorImpl.invoke[DelegatingMethodAccessorImpl.java:43]
	at java.lang.reflect.Method.invoke[Method.java:616]
	at org.eclipse.ant.core.AntRunner.run[AntRunner.java:378]
	at org.eclipse.ant.internal.launching.launchConfigurations.AntLaunchDelegate$1.run[AntLaunchDelegate.java:298]
	at java.lang.Thread.run[Thread.java:679]

Test twoDipoles[2] {'' is 'two-dipoles-Aneeds40'} failed with status ERROR: The following error occurred while executing this line:
/home/antonio/Documents/sodmt/workspace-metamodels/es.uca.modeling.eol.tests/eunit.xml:17: Internal error: java.lang.IllegalArgumentException: Could not locate a metamodel with the URI 'www.uca.es/modeling/serviceProcess'. Please ensure that this metamodel has been registered with Epsilon.
	at org.eclipse.epsilon.emc.emf.EmfModel.determinePackagesFrom[EmfModel.java:266]
	at org.eclipse.epsilon.emc.emf.EmfModel.loadModelFromUri[EmfModel.java:214]
	at org.eclipse.epsilon.emc.emf.EmfModel.loadModel[EmfModel.java:161]
	at org.eclipse.epsilon.eol.models.CachedModel.load[CachedModel.java:147]
	at org.eclipse.epsilon.emc.emf.EmfModel.load[EmfModel.java:127]
	at org.eclipse.epsilon.workflow.tasks.emf.LoadEmfModel.executeImpl[LoadEmfModel.java:67]
	at org.eclipse.epsilon.workflow.tasks.EpsilonTask.execute[EpsilonTask.java:40]
	at org.apache.tools.ant.UnknownElement.execute[UnknownElement.java:291]
	at sun.reflect.GeneratedMethodAccessor101.invoke[Unknown Source]
	at sun.reflect.DelegatingMethodAccessorImpl.invoke[DelegatingMethodAccessorImpl.java:43]
	at java.lang.reflect.Method.invoke[Method.java:616]
	at org.apache.tools.ant.dispatch.DispatchUtils.execute[DispatchUtils.java:106]
	at org.apache.tools.ant.Task.perform[Task.java:348]
	at org.apache.tools.ant.taskdefs.Sequential.execute[Sequential.java:68]
	at org.apache.tools.ant.UnknownElement.execute[UnknownElement.java:291]
	at sun.reflect.GeneratedMethodAccessor101.invoke[Unknown Source]
	at sun.reflect.DelegatingMethodAccessorImpl.invoke[DelegatingMethodAccessorImpl.java:43]
	at java.lang.reflect.Method.invoke[Method.java:616]
	at org.apache.tools.ant.dispatch.DispatchUtils.execute[DispatchUtils.java:106]
	at org.apache.tools.ant.Task.perform[Task.java:348]
	at org.apache.tools.ant.taskdefs.MacroInstance.execute[MacroInstance.java:398]
	at org.apache.tools.ant.UnknownElement.execute[UnknownElement.java:291]
	at sun.reflect.GeneratedMethodAccessor101.invoke[Unknown Source]
	at sun.reflect.DelegatingMethodAccessorImpl.invoke[DelegatingMethodAccessorImpl.java:43]
	at java.lang.reflect.Method.invoke[Method.java:616]
	at org.apache.tools.ant.dispatch.DispatchUtils.execute[DispatchUtils.java:106]
	at org.apache.tools.ant.Task.perform[Task.java:348]
	at org.eclipse.epsilon.workflow.tasks.EUnitTask$TaskCollection.run[EUnitTask.java:69]
	at org.eclipse.epsilon.workflow.tasks.EUnitTask.beforeCase[EUnitTask.java:218]
	at org.eclipse.epsilon.eunit.EUnitModule.fireBeforeCase[EUnitModule.java:507]
	at org.eclipse.epsilon.eunit.EUnitModule.runSuiteInternal[EUnitModule.java:318]
	at org.eclipse.epsilon.eunit.EUnitModule.runSuite[EUnitModule.java:164]
	at org.eclipse.epsilon.eunit.EUnitModule.runInnerTestCase[EUnitModule.java:361]
	at org.eclipse.epsilon.eunit.EUnitModule.runSuiteInternal[EUnitModule.java:339]
	at org.eclipse.epsilon.eunit.EUnitModule.runSuite[EUnitModule.java:164]
	at org.eclipse.epsilon.eunit.EUnitModule.runInnerTestCase[EUnitModule.java:361]
	at org.eclipse.epsilon.eunit.EUnitModule.runSuiteInternal[EUnitModule.java:339]
	at org.eclipse.epsilon.eunit.EUnitModule.runSuite[EUnitModule.java:164]
	at org.eclipse.epsilon.eunit.EUnitModule.execute[EUnitModule.java:136]
	at org.eclipse.epsilon.workflow.tasks.ExecutableModuleTask.executeImpl[ExecutableModuleTask.java:193]
	at org.eclipse.epsilon.workflow.tasks.EpsilonTask.execute[EpsilonTask.java:40]
	at org.apache.tools.ant.UnknownElement.execute[UnknownElement.java:291]
	at sun.reflect.NativeMethodAccessorImpl.invoke0[Native Method]
	at sun.reflect.NativeMethodAccessorImpl.invoke[NativeMethodAccessorImpl.java:57]
	at sun.reflect.DelegatingMethodAccessorImpl.invoke[DelegatingMethodAccessorImpl.java:43]
	at java.lang.reflect.Method.invoke[Method.java:616]
	at org.apache.tools.ant.dispatch.DispatchUtils.execute[DispatchUtils.java:106]
	at org.apache.tools.ant.Task.perform[Task.java:348]
	at org.apache.tools.ant.Target.execute[Target.java:392]
	at org.apache.tools.ant.Target.performTasks[Target.java:413]
	at org.apache.tools.ant.Project.executeSortedTargets[Project.java:1399]
	at org.apache.tools.ant.Project.executeTarget[Project.java:1368]
	at org.apache.tools.ant.helper.DefaultExecutor.executeTargets[DefaultExecutor.java:41]
	at org.eclipse.ant.internal.core.ant.EclipseDefaultExecutor.executeTargets[EclipseDefaultExecutor.java:32]
	at org.apache.tools.ant.Project.executeTargets[Project.java:1251]
	at org.eclipse.ant.internal.core.ant.InternalAntRunner.run[InternalAntRunner.java:672]
	at org.eclipse.ant.internal.core.ant.InternalAntRunner.run[InternalAntRunner.java:498]
	at sun.reflect.NativeMethodAccessorImpl.invoke0[Native Method]
	at sun.reflect.NativeMethodAccessorImpl.invoke[NativeMethodAccessorImpl.java:57]
	at sun.reflect.DelegatingMethodAccessorImpl.invoke[DelegatingMethodAccessorImpl.java:43]
	at java.lang.reflect.Method.invoke[Method.java:616]
	at org.eclipse.ant.core.AntRunner.run[AntRunner.java:378]
	at org.eclipse.ant.internal.launching.launchConfigurations.AntLaunchDelegate$1.run[AntLaunchDelegate.java:298]
	at java.lang.Thread.run[Thread.java:679]

Test twoDipoles {} failed with status ERROR: The following error occurred while executing this line:
/home/antonio/Documents/sodmt/workspace-metamodels/es.uca.modeling.eol.tests/eunit.xml:17: Internal error: java.lang.IllegalArgumentException: Could not locate a metamodel with the URI 'www.uca.es/modeling/serviceProcess'. Please ensure that this metamodel has been registered with Epsilon.
	at org.eclipse.epsilon.emc.emf.EmfModel.determinePackagesFrom[EmfModel.java:266]
	at org.eclipse.epsilon.emc.emf.EmfModel.loadModelFromUri[EmfModel.java:214]
	at org.eclipse.epsilon.emc.emf.EmfModel.loadModel[EmfModel.java:161]
	at org.eclipse.epsilon.eol.models.CachedModel.load[CachedModel.java:147]
	at org.eclipse.epsilon.emc.emf.EmfModel.load[EmfModel.java:127]
	at org.eclipse.epsilon.workflow.tasks.emf.LoadEmfModel.executeImpl[LoadEmfModel.java:67]
	at org.eclipse.epsilon.workflow.tasks.EpsilonTask.execute[EpsilonTask.java:40]
	at org.apache.tools.ant.UnknownElement.execute[UnknownElement.java:291]
	at sun.reflect.GeneratedMethodAccessor101.invoke[Unknown Source]
	at sun.reflect.DelegatingMethodAccessorImpl.invoke[DelegatingMethodAccessorImpl.java:43]
	at java.lang.reflect.Method.invoke[Method.java:616]
	at org.apache.tools.ant.dispatch.DispatchUtils.execute[DispatchUtils.java:106]
	at org.apache.tools.ant.Task.perform[Task.java:348]
	at org.apache.tools.ant.taskdefs.Sequential.execute[Sequential.java:68]
	at org.apache.tools.ant.UnknownElement.execute[UnknownElement.java:291]
	at sun.reflect.GeneratedMethodAccessor101.invoke[Unknown Source]
	at sun.reflect.DelegatingMethodAccessorImpl.invoke[DelegatingMethodAccessorImpl.java:43]
	at java.lang.reflect.Method.invoke[Method.java:616]
	at org.apache.tools.ant.dispatch.DispatchUtils.execute[DispatchUtils.java:106]
	at org.apache.tools.ant.Task.perform[Task.java:348]
	at org.apache.tools.ant.taskdefs.MacroInstance.execute[MacroInstance.java:398]
	at org.apache.tools.ant.UnknownElement.execute[UnknownElement.java:291]
	at sun.reflect.GeneratedMethodAccessor101.invoke[Unknown Source]
	at sun.reflect.DelegatingMethodAccessorImpl.invoke[DelegatingMethodAccessorImpl.java:43]
	at java.lang.reflect.Method.invoke[Method.java:616]
	at org.apache.tools.ant.dispatch.DispatchUtils.execute[DispatchUtils.java:106]
	at org.apache.tools.ant.Task.perform[Task.java:348]
	at org.eclipse.epsilon.workflow.tasks.EUnitTask$TaskCollection.run[EUnitTask.java:69]
	at org.eclipse.epsilon.workflow.tasks.EUnitTask.beforeCase[EUnitTask.java:218]
	at org.eclipse.epsilon.eunit.EUnitModule.fireBeforeCase[EUnitModule.java:507]
	at org.eclipse.epsilon.eunit.EUnitModule.runSuiteInternal[EUnitModule.java:318]
	at org.eclipse.epsilon.eunit.EUnitModule.runSuite[EUnitModule.java:164]
	at org.eclipse.epsilon.eunit.EUnitModule.runInnerTestCase[EUnitModule.java:361]
	at org.eclipse.epsilon.eunit.EUnitModule.runSuiteInternal[EUnitModule.java:339]
	at org.eclipse.epsilon.eunit.EUnitModule.runSuite[EUnitModule.java:164]
	at org.eclipse.epsilon.eunit.EUnitModule.runInnerTestCase[EUnitModule.java:361]
	at org.eclipse.epsilon.eunit.EUnitModule.runSuiteInternal[EUnitModule.java:339]
	at org.eclipse.epsilon.eunit.EUnitModule.runSuite[EUnitModule.java:164]
	at org.eclipse.epsilon.eunit.EUnitModule.execute[EUnitModule.java:136]
	at org.eclipse.epsilon.workflow.tasks.ExecutableModuleTask.executeImpl[ExecutableModuleTask.java:193]
	at org.eclipse.epsilon.workflow.tasks.EpsilonTask.execute[EpsilonTask.java:40]
	at org.apache.tools.ant.UnknownElement.execute[UnknownElement.java:291]
	at sun.reflect.NativeMethodAccessorImpl.invoke0[Native Method]
	at sun.reflect.NativeMethodAccessorImpl.invoke[NativeMethodAccessorImpl.java:57]
	at sun.reflect.DelegatingMethodAccessorImpl.invoke[DelegatingMethodAccessorImpl.java:43]
	at java.lang.reflect.Method.invoke[Method.java:616]
	at org.apache.tools.ant.dispatch.DispatchUtils.execute[DispatchUtils.java:106]
	at org.apache.tools.ant.Task.perform[Task.java:348]
	at org.apache.tools.ant.Target.execute[Target.java:392]
	at org.apache.tools.ant.Target.performTasks[Target.java:413]
	at org.apache.tools.ant.Project.executeSortedTargets[Project.java:1399]
	at org.apache.tools.ant.Project.executeTarget[Project.java:1368]
	at org.apache.tools.ant.helper.DefaultExecutor.executeTargets[DefaultExecutor.java:41]
	at org.eclipse.ant.internal.core.ant.EclipseDefaultExecutor.executeTargets[EclipseDefaultExecutor.java:32]
	at org.apache.tools.ant.Project.executeTargets[Project.java:1251]
	at org.eclipse.ant.internal.core.ant.InternalAntRunner.run[InternalAntRunner.java:672]
	at org.eclipse.ant.internal.core.ant.InternalAntRunner.run[InternalAntRunner.java:498]
	at sun.reflect.NativeMethodAccessorImpl.invoke0[Native Method]
	at sun.reflect.NativeMethodAccessorImpl.invoke[NativeMethodAccessorImpl.java:57]
	at sun.reflect.DelegatingMethodAccessorImpl.invoke[DelegatingMethodAccessorImpl.java:43]
	at java.lang.reflect.Method.invoke[Method.java:616]
	at org.eclipse.ant.core.AntRunner.run[AntRunner.java:378]
	at org.eclipse.ant.internal.launching.launchConfigurations.AntLaunchDelegate$1.run[AntLaunchDelegate.java:298]
	at java.lang.Thread.run[Thread.java:679]

Test root {} failed with status ERROR: The following error occurred while executing this line:
/home/antonio/Documents/sodmt/workspace-metamodels/es.uca.modeling.eol.tests/eunit.xml:17: Internal error: java.lang.IllegalArgumentException: Could not locate a metamodel with the URI 'www.uca.es/modeling/serviceProcess'. Please ensure that this metamodel has been registered with Epsilon.
	at org.eclipse.epsilon.emc.emf.EmfModel.determinePackagesFrom[EmfModel.java:266]
	at org.eclipse.epsilon.emc.emf.EmfModel.loadModelFromUri[EmfModel.java:214]
	at org.eclipse.epsilon.emc.emf.EmfModel.loadModel[EmfModel.java:161]
	at org.eclipse.epsilon.eol.models.CachedModel.load[CachedModel.java:147]
	at org.eclipse.epsilon.emc.emf.EmfModel.load[EmfModel.java:127]
	at org.eclipse.epsilon.workflow.tasks.emf.LoadEmfModel.executeImpl[LoadEmfModel.java:67]
	at org.eclipse.epsilon.workflow.tasks.EpsilonTask.execute[EpsilonTask.java:40]
	at org.apache.tools.ant.UnknownElement.execute[UnknownElement.java:291]
	at sun.reflect.GeneratedMethodAccessor101.invoke[Unknown Source]
	at sun.reflect.DelegatingMethodAccessorImpl.invoke[DelegatingMethodAccessorImpl.java:43]
	at java.lang.reflect.Method.invoke[Method.java:616]
	at org.apache.tools.ant.dispatch.DispatchUtils.execute[DispatchUtils.java:106]
	at org.apache.tools.ant.Task.perform[Task.java:348]
	at org.apache.tools.ant.taskdefs.Sequential.execute[Sequential.java:68]
	at org.apache.tools.ant.UnknownElement.execute[UnknownElement.java:291]
	at sun.reflect.GeneratedMethodAccessor101.invoke[Unknown Source]
	at sun.reflect.DelegatingMethodAccessorImpl.invoke[DelegatingMethodAccessorImpl.java:43]
	at java.lang.reflect.Method.invoke[Method.java:616]
	at org.apache.tools.ant.dispatch.DispatchUtils.execute[DispatchUtils.java:106]
	at org.apache.tools.ant.Task.perform[Task.java:348]
	at org.apache.tools.ant.taskdefs.MacroInstance.execute[MacroInstance.java:398]
	at org.apache.tools.ant.UnknownElement.execute[UnknownElement.java:291]
	at sun.reflect.GeneratedMethodAccessor101.invoke[Unknown Source]
	at sun.reflect.DelegatingMethodAccessorImpl.invoke[DelegatingMethodAccessorImpl.java:43]
	at java.lang.reflect.Method.invoke[Method.java:616]
	at org.apache.tools.ant.dispatch.DispatchUtils.execute[DispatchUtils.java:106]
	at org.apache.tools.ant.Task.perform[Task.java:348]
	at org.eclipse.epsilon.workflow.tasks.EUnitTask$TaskCollection.run[EUnitTask.java:69]
	at org.eclipse.epsilon.workflow.tasks.EUnitTask.beforeCase[EUnitTask.java:218]
	at org.eclipse.epsilon.eunit.EUnitModule.fireBeforeCase[EUnitModule.java:507]
	at org.eclipse.epsilon.eunit.EUnitModule.runSuiteInternal[EUnitModule.java:318]
	at org.eclipse.epsilon.eunit.EUnitModule.runSuite[EUnitModule.java:164]
	at org.eclipse.epsilon.eunit.EUnitModule.runInnerTestCase[EUnitModule.java:361]
	at org.eclipse.epsilon.eunit.EUnitModule.runSuiteInternal[EUnitModule.java:339]
	at org.eclipse.epsilon.eunit.EUnitModule.runSuite[EUnitModule.java:164]
	at org.eclipse.epsilon.eunit.EUnitModule.runInnerTestCase[EUnitModule.java:361]
	at org.eclipse.epsilon.eunit.EUnitModule.runSuiteInternal[EUnitModule.java:339]
	at org.eclipse.epsilon.eunit.EUnitModule.runSuite[EUnitModule.java:164]
	at org.eclipse.epsilon.eunit.EUnitModule.execute[EUnitModule.java:136]
	at org.eclipse.epsilon.workflow.tasks.ExecutableModuleTask.executeImpl[ExecutableModuleTask.java:193]
	at org.eclipse.epsilon.workflow.tasks.EpsilonTask.execute[EpsilonTask.java:40]
	at org.apache.tools.ant.UnknownElement.execute[UnknownElement.java:291]
	at sun.reflect.NativeMethodAccessorImpl.invoke0[Native Method]
	at sun.reflect.NativeMethodAccessorImpl.invoke[NativeMethodAccessorImpl.java:57]
	at sun.reflect.DelegatingMethodAccessorImpl.invoke[DelegatingMethodAccessorImpl.java:43]
	at java.lang.reflect.Method.invoke[Method.java:616]
	at org.apache.tools.ant.dispatch.DispatchUtils.execute[DispatchUtils.java:106]
	at org.apache.tools.ant.Task.perform[Task.java:348]
	at org.apache.tools.ant.Target.execute[Target.java:392]
	at org.apache.tools.ant.Target.performTasks[Target.java:413]
	at org.apache.tools.ant.Project.executeSortedTargets[Project.java:1399]
	at org.apache.tools.ant.Project.executeTarget[Project.java:1368]
	at org.apache.tools.ant.helper.DefaultExecutor.executeTargets[DefaultExecutor.java:41]
	at org.eclipse.ant.internal.core.ant.EclipseDefaultExecutor.executeTargets[EclipseDefaultExecutor.java:32]
	at org.apache.tools.ant.Project.executeTargets[Project.java:1251]
	at org.eclipse.ant.internal.core.ant.InternalAntRunner.run[InternalAntRunner.java:672]
	at org.eclipse.ant.internal.core.ant.InternalAntRunner.run[InternalAntRunner.java:498]
	at sun.reflect.NativeMethodAccessorImpl.invoke0[Native Method]
	at sun.reflect.NativeMethodAccessorImpl.invoke[NativeMethodAccessorImpl.java:57]
	at sun.reflect.DelegatingMethodAccessorImpl.invoke[DelegatingMethodAccessorImpl.java:43]
	at java.lang.reflect.Method.invoke[Method.java:616]
	at org.eclipse.ant.core.AntRunner.run[AntRunner.java:378]
	at org.eclipse.ant.internal.launching.launchConfigurations.AntLaunchDelegate$1.run[AntLaunchDelegate.java:298]
	at java.lang.Thread.run[Thread.java:679]

</system-err></testsuite>